[0.060s] DEBUG:colcon:Command line arguments: ['/usr/bin/colcon', 'build', '--symlink-install']
[0.060s] DEBUG:colcon:Parsed command line arguments: Namespace(log_base=None, log_level=None, verb_name='build', build_base='build', install_base='install', merge_install=False, symlink_install=True, test_result_base=None, continue_on_error=False, executor='parallel', parallel_workers=16, event_handlers=None, ignore_user_meta=False, metas=['./colcon.meta'], base_paths=['.'], packages_ignore=None, packages_ignore_regex=None, paths=None, packages_up_to=None, packages_up_to_regex=None, packages_above=None, packages_above_and_dependencies=None, packages_above_depth=None, packages_select_by_dep=None, packages_skip_by_dep=None, packages_skip_up_to=None, packages_select_build_failed=False, packages_skip_build_finished=False, packages_select_test_failures=False, packages_skip_test_passed=False, packages_select=None, packages_skip=None, packages_select_regex=None, packages_skip_regex=None, packages_start=None, packages_end=None, allow_overriding=[], cmake_args=None, cmake_target=None, cmake_target_skip_unavailable=False, cmake_clean_cache=False, cmake_clean_first=False, cmake_force_configure=False, ament_cmake_args=None, catkin_cmake_args=None, catkin_skip_building_tests=False, mixin_files=None, mixin=None, verb_parser=<colcon_mixin.mixin.mixin_argument.MixinArgumentDecorator object at 0x72fe3df78580>, verb_extension=<colcon_core.verb.build.BuildVerb object at 0x72fe3df78160>, main=<bound method BuildVerb.main of <colcon_core.verb.build.BuildVerb object at 0x72fe3df78160>>, mixin_verb=('build',))
[0.157s] Level 1:colcon.colcon_core.package_discovery:discover_packages(colcon_meta) check parameters
[0.157s] Level 1:colcon.colcon_core.package_discovery:discover_packages(recursive) check parameters
[0.157s] Level 1:colcon.colcon_core.package_discovery:discover_packages(ignore) check parameters
[0.157s] Level 1:colcon.colcon_core.package_discovery:discover_packages(path) check parameters
[0.157s] Level 1:colcon.colcon_core.package_discovery:discover_packages(colcon_meta) discover
[0.157s] Level 1:colcon.colcon_core.package_discovery:discover_packages(recursive) discover
[0.157s] INFO:colcon.colcon_core.package_discovery:Crawling recursively for packages in '/home/won/dev_ws'
[0.157s] Level 1:colcon.colcon_core.package_identification:_identify(.) by extensions ['ignore', 'ignore_ament_install']
[0.157s] Level 1:colcon.colcon_core.package_identification:_identify(.) by extension 'ignore'
[0.157s] Level 1:colcon.colcon_core.package_identification:_identify(.) by extension 'ignore_ament_install'
[0.157s] Level 1:colcon.colcon_core.package_identification:_identify(.) by extensions ['colcon_pkg']
[0.157s] Level 1:colcon.colcon_core.package_identification:_identify(.) by extension 'colcon_pkg'
[0.157s] Level 1:colcon.colcon_core.package_identification:_identify(.) by extensions ['colcon_meta']
[0.157s] Level 1:colcon.colcon_core.package_identification:_identify(.) by extension 'colcon_meta'
[0.157s] Level 1:colcon.colcon_core.package_identification:_identify(.) by extensions ['ros']
[0.157s] Level 1:colcon.colcon_core.package_identification:_identify(.) by extension 'ros'
[0.167s] Level 1:colcon.colcon_core.package_identification:_identify(.) by extensions ['cmake', 'python']
[0.167s] Level 1:colcon.colcon_core.package_identification:_identify(.) by extension 'cmake'
[0.167s] Level 1:colcon.colcon_core.package_identification:_identify(.) by extension 'python'
[0.167s] Level 1:colcon.colcon_core.package_identification:_identify(.) by extensions ['python_setup_py']
[0.167s] Level 1:colcon.colcon_core.package_identification:_identify(.) by extension 'python_setup_py'
[0.167s] Level 1:colcon.colcon_core.package_identification:_identify(build) by extensions ['ignore', 'ignore_ament_install']
[0.168s] Level 1:colcon.colcon_core.package_identification:_identify(build) by extension 'ignore'
[0.168s] Level 1:colcon.colcon_core.package_identification:_identify(build) ignored
[0.168s] Level 1:colcon.colcon_core.package_identification:_identify(install) by extensions ['ignore', 'ignore_ament_install']
[0.168s] Level 1:colcon.colcon_core.package_identification:_identify(install) by extension 'ignore'
[0.168s] Level 1:colcon.colcon_core.package_identification:_identify(install) ignored
[0.168s] Level 1:colcon.colcon_core.package_identification:_identify(log) by extensions ['ignore', 'ignore_ament_install']
[0.168s] Level 1:colcon.colcon_core.package_identification:_identify(log) by extension 'ignore'
[0.168s] Level 1:colcon.colcon_core.package_identification:_identify(log) ignored
[0.168s] Level 1:colcon.colcon_core.package_identification:_identify(src) by extensions ['ignore', 'ignore_ament_install']
[0.168s] Level 1:colcon.colcon_core.package_identification:_identify(src) by extension 'ignore'
[0.168s] Level 1:colcon.colcon_core.package_identification:_identify(src) by extension 'ignore_ament_install'
[0.168s] Level 1:colcon.colcon_core.package_identification:_identify(src) by extensions ['colcon_pkg']
[0.168s] Level 1:colcon.colcon_core.package_identification:_identify(src) by extension 'colcon_pkg'
[0.168s] Level 1:colcon.colcon_core.package_identification:_identify(src) by extensions ['colcon_meta']
[0.168s] Level 1:colcon.colcon_core.package_identification:_identify(src) by extension 'colcon_meta'
[0.168s] Level 1:colcon.colcon_core.package_identification:_identify(src) by extensions ['ros']
[0.168s] Level 1:colcon.colcon_core.package_identification:_identify(src) by extension 'ros'
[0.168s] Level 1:colcon.colcon_core.package_identification:_identify(src) by extensions ['cmake', 'python']
[0.168s] Level 1:colcon.colcon_core.package_identification:_identify(src) by extension 'cmake'
[0.168s] Level 1:colcon.colcon_core.package_identification:_identify(src) by extension 'python'
[0.168s] Level 1:colcon.colcon_core.package_identification:_identify(src) by extensions ['python_setup_py']
[0.168s] Level 1:colcon.colcon_core.package_identification:_identify(src) by extension 'python_setup_py'
[0.168s] Level 1:colcon.colcon_core.package_identification:_identify(src/boxbot_bringup) by extensions ['ignore', 'ignore_ament_install']
[0.168s] Level 1:colcon.colcon_core.package_identification:_identify(src/boxbot_bringup) by extension 'ignore'
[0.168s] Level 1:colcon.colcon_core.package_identification:_identify(src/boxbot_bringup) by extension 'ignore_ament_install'
[0.168s] Level 1:colcon.colcon_core.package_identification:_identify(src/boxbot_bringup) by extensions ['colcon_pkg']
[0.168s] Level 1:colcon.colcon_core.package_identification:_identify(src/boxbot_bringup) by extension 'colcon_pkg'
[0.168s] Level 1:colcon.colcon_core.package_identification:_identify(src/boxbot_bringup) by extensions ['colcon_meta']
[0.168s] Level 1:colcon.colcon_core.package_identification:_identify(src/boxbot_bringup) by extension 'colcon_meta'
[0.168s] Level 1:colcon.colcon_core.package_identification:_identify(src/boxbot_bringup) by extensions ['ros']
[0.168s] Level 1:colcon.colcon_core.package_identification:_identify(src/boxbot_bringup) by extension 'ros'
[0.170s] DEBUG:colcon.colcon_core.package_identification:Package 'src/boxbot_bringup' with type 'ros.ament_python' and name 'boxbot_bringup'
[0.170s] Level 1:colcon.colcon_core.package_identification:_identify(src/boxbot_description) by extensions ['ignore', 'ignore_ament_install']
[0.170s] Level 1:colcon.colcon_core.package_identification:_identify(src/boxbot_description) by extension 'ignore'
[0.170s] Level 1:colcon.colcon_core.package_identification:_identify(src/boxbot_description) by extension 'ignore_ament_install'
[0.170s] Level 1:colcon.colcon_core.package_identification:_identify(src/boxbot_description) by extensions ['colcon_pkg']
[0.170s] Level 1:colcon.colcon_core.package_identification:_identify(src/boxbot_description) by extension 'colcon_pkg'
[0.170s] Level 1:colcon.colcon_core.package_identification:_identify(src/boxbot_description) by extensions ['colcon_meta']
[0.170s] Level 1:colcon.colcon_core.package_identification:_identify(src/boxbot_description) by extension 'colcon_meta'
[0.170s] Level 1:colcon.colcon_core.package_identification:_identify(src/boxbot_description) by extensions ['ros']
[0.170s] Level 1:colcon.colcon_core.package_identification:_identify(src/boxbot_description) by extension 'ros'
[0.170s] DEBUG:colcon.colcon_core.package_identification:Package 'src/boxbot_description' with type 'ros.ament_cmake' and name 'boxbot_description'
[0.170s] Level 1:colcon.colcon_core.package_identification:_identify(src/boxbot_simulation) by extensions ['ignore', 'ignore_ament_install']
[0.170s] Level 1:colcon.colcon_core.package_identification:_identify(src/boxbot_simulation) by extension 'ignore'
[0.170s] Level 1:colcon.colcon_core.package_identification:_identify(src/boxbot_simulation) by extension 'ignore_ament_install'
[0.170s] Level 1:colcon.colcon_core.package_identification:_identify(src/boxbot_simulation) by extensions ['colcon_pkg']
[0.170s] Level 1:colcon.colcon_core.package_identification:_identify(src/boxbot_simulation) by extension 'colcon_pkg'
[0.170s] Level 1:colcon.colcon_core.package_identification:_identify(src/boxbot_simulation) by extensions ['colcon_meta']
[0.170s] Level 1:colcon.colcon_core.package_identification:_identify(src/boxbot_simulation) by extension 'colcon_meta'
[0.170s] Level 1:colcon.colcon_core.package_identification:_identify(src/boxbot_simulation) by extensions ['ros']
[0.170s] Level 1:colcon.colcon_core.package_identification:_identify(src/boxbot_simulation) by extension 'ros'
[0.171s] DEBUG:colcon.colcon_core.package_identification:Package 'src/boxbot_simulation' with type 'ros.ament_cmake' and name 'boxbot_simulation'
[0.171s] Level 1:colcon.colcon_core.package_identification:_identify(src/custom_teleop_pkg) by extensions ['ignore', 'ignore_ament_install']
[0.171s] Level 1:colcon.colcon_core.package_identification:_identify(src/custom_teleop_pkg) by extension 'ignore'
[0.171s] Level 1:colcon.colcon_core.package_identification:_identify(src/custom_teleop_pkg) by extension 'ignore_ament_install'
[0.171s] Level 1:colcon.colcon_core.package_identification:_identify(src/custom_teleop_pkg) by extensions ['colcon_pkg']
[0.171s] Level 1:colcon.colcon_core.package_identification:_identify(src/custom_teleop_pkg) by extension 'colcon_pkg'
[0.171s] Level 1:colcon.colcon_core.package_identification:_identify(src/custom_teleop_pkg) by extensions ['colcon_meta']
[0.171s] Level 1:colcon.colcon_core.package_identification:_identify(src/custom_teleop_pkg) by extension 'colcon_meta'
[0.171s] Level 1:colcon.colcon_core.package_identification:_identify(src/custom_teleop_pkg) by extensions ['ros']
[0.171s] Level 1:colcon.colcon_core.package_identification:_identify(src/custom_teleop_pkg) by extension 'ros'
[0.171s] DEBUG:colcon.colcon_core.package_identification:Package 'src/custom_teleop_pkg' with type 'ros.ament_python' and name 'custom_teleop_pkg'
[0.171s] Level 1:colcon.colcon_core.package_identification:_identify(src/universalbot_description) by extensions ['ignore', 'ignore_ament_install']
[0.171s] Level 1:colcon.colcon_core.package_identification:_identify(src/universalbot_description) by extension 'ignore'
[0.171s] Level 1:colcon.colcon_core.package_identification:_identify(src/universalbot_description) by extension 'ignore_ament_install'
[0.171s] Level 1:colcon.colcon_core.package_identification:_identify(src/universalbot_description) by extensions ['colcon_pkg']
[0.171s] Level 1:colcon.colcon_core.package_identification:_identify(src/universalbot_description) by extension 'colcon_pkg'
[0.171s] Level 1:colcon.colcon_core.package_identification:_identify(src/universalbot_description) by extensions ['colcon_meta']
[0.171s] Level 1:colcon.colcon_core.package_identification:_identify(src/universalbot_description) by extension 'colcon_meta'
[0.171s] Level 1:colcon.colcon_core.package_identification:_identify(src/universalbot_description) by extensions ['ros']
[0.171s] Level 1:colcon.colcon_core.package_identification:_identify(src/universalbot_description) by extension 'ros'
[0.172s] DEBUG:colcon.colcon_core.package_identification:Package 'src/universalbot_description' with type 'ros.ament_cmake' and name 'universalbot_description'
[0.172s] Level 1:colcon.colcon_core.package_discovery:discover_packages(recursive) using defaults
[0.172s] Level 1:colcon.colcon_core.package_discovery:discover_packages(ignore) discover
[0.172s] Level 1:colcon.colcon_core.package_discovery:discover_packages(ignore) using defaults
[0.172s] Level 1:colcon.colcon_core.package_discovery:discover_packages(path) discover
[0.172s] Level 1:colcon.colcon_core.package_discovery:discover_packages(path) using defaults
[0.183s] Level 1:colcon.colcon_core.package_discovery:discover_packages(prefix_path) check parameters
[0.183s] Level 1:colcon.colcon_core.package_discovery:discover_packages(prefix_path) discover
[0.184s] WARNING:colcon.colcon_ros.prefix_path.ament:The path '/home/won/dev_ws/install/custom_teleop_pkg' in the environment variable AMENT_PREFIX_PATH doesn't exist
[0.184s] WARNING:colcon.colcon_ros.prefix_path.ament:The path '/home/won/dev_ws/install/boxbot_simulation' in the environment variable AMENT_PREFIX_PATH doesn't exist
[0.184s] WARNING:colcon.colcon_ros.prefix_path.ament:The path '/home/won/dev_ws/install/boxbot_description' in the environment variable AMENT_PREFIX_PATH doesn't exist
[0.184s] WARNING:colcon.colcon_ros.prefix_path.ament:The path '/home/won/dev_ws/install/boxbot_bringup' in the environment variable AMENT_PREFIX_PATH doesn't exist
[0.184s] WARNING:colcon.colcon_ros.prefix_path.catkin:The path '/home/won/dev_ws/install/boxbot_simulation' in the environment variable CMAKE_PREFIX_PATH doesn't exist
[0.184s] WARNING:colcon.colcon_ros.prefix_path.catkin:The path '/home/won/dev_ws/install/boxbot_description' in the environment variable CMAKE_PREFIX_PATH doesn't exist
[0.184s] DEBUG:colcon.colcon_installed_package_information.package_discovery:Found 7 installed packages in /home/won/gazebo_ws/install
[0.184s] DEBUG:colcon.colcon_installed_package_information.package_discovery:Found 0 installed packages in /home/won/dev_ws/install
[0.186s] DEBUG:colcon.colcon_installed_package_information.package_discovery:Found 387 installed packages in /opt/ros/humble
[0.187s] Level 1:colcon.colcon_core.package_discovery:discover_packages(prefix_path) using defaults
[0.213s] Level 5:colcon.colcon_core.verb:set package 'boxbot_bringup' build argument 'cmake_args' from command line to 'None'
[0.213s] Level 5:colcon.colcon_core.verb:set package 'boxbot_bringup' build argument 'cmake_target' from command line to 'None'
[0.213s] Level 5:colcon.colcon_core.verb:set package 'boxbot_bringup' build argument 'cmake_target_skip_unavailable' from command line to 'False'
[0.213s] Level 5:colcon.colcon_core.verb:set package 'boxbot_bringup' build argument 'cmake_clean_cache' from command line to 'False'
[0.213s] Level 5:colcon.colcon_core.verb:set package 'boxbot_bringup' build argument 'cmake_clean_first' from command line to 'False'
[0.213s] Level 5:colcon.colcon_core.verb:set package 'boxbot_bringup' build argument 'cmake_force_configure' from command line to 'False'
[0.213s] Level 5:colcon.colcon_core.verb:set package 'boxbot_bringup' build argument 'ament_cmake_args' from command line to 'None'
[0.213s] Level 5:colcon.colcon_core.verb:set package 'boxbot_bringup' build argument 'catkin_cmake_args' from command line to 'None'
[0.213s] Level 5:colcon.colcon_core.verb:set package 'boxbot_bringup' build argument 'catkin_skip_building_tests' from command line to 'False'
[0.213s] DEBUG:colcon.colcon_core.verb:Building package 'boxbot_bringup' with the following arguments: {'ament_cmake_args': None, 'build_base': '/home/won/dev_ws/build/boxbot_bringup', 'catkin_cmake_args': None, 'catkin_skip_building_tests': False, 'cmake_args': None, 'cmake_clean_cache': False, 'cmake_clean_first': False, 'cmake_force_configure': False, 'cmake_target': None, 'cmake_target_skip_unavailable': False, 'install_base': '/home/won/dev_ws/install/boxbot_bringup', 'merge_install': False, 'path': '/home/won/dev_ws/src/boxbot_bringup', 'symlink_install': True, 'test_result_base': None}
[0.213s] Level 5:colcon.colcon_core.verb:set package 'boxbot_description' build argument 'cmake_args' from command line to 'None'
[0.213s] Level 5:colcon.colcon_core.verb:set package 'boxbot_description' build argument 'cmake_target' from command line to 'None'
[0.213s] Level 5:colcon.colcon_core.verb:set package 'boxbot_description' build argument 'cmake_target_skip_unavailable' from command line to 'False'
[0.213s] Level 5:colcon.colcon_core.verb:set package 'boxbot_description' build argument 'cmake_clean_cache' from command line to 'False'
[0.213s] Level 5:colcon.colcon_core.verb:set package 'boxbot_description' build argument 'cmake_clean_first' from command line to 'False'
[0.213s] Level 5:colcon.colcon_core.verb:set package 'boxbot_description' build argument 'cmake_force_configure' from command line to 'False'
[0.213s] Level 5:colcon.colcon_core.verb:set package 'boxbot_description' build argument 'ament_cmake_args' from command line to 'None'
[0.213s] Level 5:colcon.colcon_core.verb:set package 'boxbot_description' build argument 'catkin_cmake_args' from command line to 'None'
[0.213s] Level 5:colcon.colcon_core.verb:set package 'boxbot_description' build argument 'catkin_skip_building_tests' from command line to 'False'
[0.213s] DEBUG:colcon.colcon_core.verb:Building package 'boxbot_description' with the following arguments: {'ament_cmake_args': None, 'build_base': '/home/won/dev_ws/build/boxbot_description', 'catkin_cmake_args': None, 'catkin_skip_building_tests': False, 'cmake_args': None, 'cmake_clean_cache': False, 'cmake_clean_first': False, 'cmake_force_configure': False, 'cmake_target': None, 'cmake_target_skip_unavailable': False, 'install_base': '/home/won/dev_ws/install/boxbot_description', 'merge_install': False, 'path': '/home/won/dev_ws/src/boxbot_description', 'symlink_install': True, 'test_result_base': None}
[0.213s] Level 5:colcon.colcon_core.verb:set package 'boxbot_simulation' build argument 'cmake_args' from command line to 'None'
[0.213s] Level 5:colcon.colcon_core.verb:set package 'boxbot_simulation' build argument 'cmake_target' from command line to 'None'
[0.213s] Level 5:colcon.colcon_core.verb:set package 'boxbot_simulation' build argument 'cmake_target_skip_unavailable' from command line to 'False'
[0.213s] Level 5:colcon.colcon_core.verb:set package 'boxbot_simulation' build argument 'cmake_clean_cache' from command line to 'False'
[0.213s] Level 5:colcon.colcon_core.verb:set package 'boxbot_simulation' build argument 'cmake_clean_first' from command line to 'False'
[0.213s] Level 5:colcon.colcon_core.verb:set package 'boxbot_simulation' build argument 'cmake_force_configure' from command line to 'False'
[0.213s] Level 5:colcon.colcon_core.verb:set package 'boxbot_simulation' build argument 'ament_cmake_args' from command line to 'None'
[0.213s] Level 5:colcon.colcon_core.verb:set package 'boxbot_simulation' build argument 'catkin_cmake_args' from command line to 'None'
[0.213s] Level 5:colcon.colcon_core.verb:set package 'boxbot_simulation' build argument 'catkin_skip_building_tests' from command line to 'False'
[0.213s] DEBUG:colcon.colcon_core.verb:Building package 'boxbot_simulation' with the following arguments: {'ament_cmake_args': None, 'build_base': '/home/won/dev_ws/build/boxbot_simulation', 'catkin_cmake_args': None, 'catkin_skip_building_tests': False, 'cmake_args': None, 'cmake_clean_cache': False, 'cmake_clean_first': False, 'cmake_force_configure': False, 'cmake_target': None, 'cmake_target_skip_unavailable': False, 'install_base': '/home/won/dev_ws/install/boxbot_simulation', 'merge_install': False, 'path': '/home/won/dev_ws/src/boxbot_simulation', 'symlink_install': True, 'test_result_base': None}
[0.213s] Level 5:colcon.colcon_core.verb:set package 'custom_teleop_pkg' build argument 'cmake_args' from command line to 'None'
[0.213s] Level 5:colcon.colcon_core.verb:set package 'custom_teleop_pkg' build argument 'cmake_target' from command line to 'None'
[0.213s] Level 5:colcon.colcon_core.verb:set package 'custom_teleop_pkg' build argument 'cmake_target_skip_unavailable' from command line to 'False'
[0.213s] Level 5:colcon.colcon_core.verb:set package 'custom_teleop_pkg' build argument 'cmake_clean_cache' from command line to 'False'
[0.213s] Level 5:colcon.colcon_core.verb:set package 'custom_teleop_pkg' build argument 'cmake_clean_first' from command line to 'False'
[0.214s] Level 5:colcon.colcon_core.verb:set package 'custom_teleop_pkg' build argument 'cmake_force_configure' from command line to 'False'
[0.214s] Level 5:colcon.colcon_core.verb:set package 'custom_teleop_pkg' build argument 'ament_cmake_args' from command line to 'None'
[0.214s] Level 5:colcon.colcon_core.verb:set package 'custom_teleop_pkg' build argument 'catkin_cmake_args' from command line to 'None'
[0.214s] Level 5:colcon.colcon_core.verb:set package 'custom_teleop_pkg' build argument 'catkin_skip_building_tests' from command line to 'False'
[0.214s] DEBUG:colcon.colcon_core.verb:Building package 'custom_teleop_pkg' with the following arguments: {'ament_cmake_args': None, 'build_base': '/home/won/dev_ws/build/custom_teleop_pkg', 'catkin_cmake_args': None, 'catkin_skip_building_tests': False, 'cmake_args': None, 'cmake_clean_cache': False, 'cmake_clean_first': False, 'cmake_force_configure': False, 'cmake_target': None, 'cmake_target_skip_unavailable': False, 'install_base': '/home/won/dev_ws/install/custom_teleop_pkg', 'merge_install': False, 'path': '/home/won/dev_ws/src/custom_teleop_pkg', 'symlink_install': True, 'test_result_base': None}
[0.214s] Level 5:colcon.colcon_core.verb:set package 'universalbot_description' build argument 'cmake_args' from command line to 'None'
[0.214s] Level 5:colcon.colcon_core.verb:set package 'universalbot_description' build argument 'cmake_target' from command line to 'None'
[0.214s] Level 5:colcon.colcon_core.verb:set package 'universalbot_description' build argument 'cmake_target_skip_unavailable' from command line to 'False'
[0.214s] Level 5:colcon.colcon_core.verb:set package 'universalbot_description' build argument 'cmake_clean_cache' from command line to 'False'
[0.214s] Level 5:colcon.colcon_core.verb:set package 'universalbot_description' build argument 'cmake_clean_first' from command line to 'False'
[0.214s] Level 5:colcon.colcon_core.verb:set package 'universalbot_description' build argument 'cmake_force_configure' from command line to 'False'
[0.214s] Level 5:colcon.colcon_core.verb:set package 'universalbot_description' build argument 'ament_cmake_args' from command line to 'None'
[0.214s] Level 5:colcon.colcon_core.verb:set package 'universalbot_description' build argument 'catkin_cmake_args' from command line to 'None'
[0.214s] Level 5:colcon.colcon_core.verb:set package 'universalbot_description' build argument 'catkin_skip_building_tests' from command line to 'False'
[0.214s] DEBUG:colcon.colcon_core.verb:Building package 'universalbot_description' with the following arguments: {'ament_cmake_args': None, 'build_base': '/home/won/dev_ws/build/universalbot_description', 'catkin_cmake_args': None, 'catkin_skip_building_tests': False, 'cmake_args': None, 'cmake_clean_cache': False, 'cmake_clean_first': False, 'cmake_force_configure': False, 'cmake_target': None, 'cmake_target_skip_unavailable': False, 'install_base': '/home/won/dev_ws/install/universalbot_description', 'merge_install': False, 'path': '/home/won/dev_ws/src/universalbot_description', 'symlink_install': True, 'test_result_base': None}
[0.214s] INFO:colcon.colcon_core.executor:Executing jobs using 'parallel' executor
[0.214s] DEBUG:colcon.colcon_parallel_executor.executor.parallel:run_until_complete
[0.215s] INFO:colcon.colcon_ros.task.ament_python.build:Building ROS package in '/home/won/dev_ws/src/boxbot_bringup' with build type 'ament_python'
[0.215s] Level 1:colcon.colcon_core.shell:create_environment_hook('boxbot_bringup', 'ament_prefix_path')
[0.216s] INFO:colcon.colcon_core.plugin_system:Skipping extension 'colcon_core.shell.bat': Not used on non-Windows systems
[0.216s] INFO:colcon.colcon_core.shell:Creating environment hook '/home/won/dev_ws/install/boxbot_bringup/share/boxbot_bringup/hook/ament_prefix_path.ps1'
[0.216s] INFO:colcon.colcon_core.shell:Creating environment descriptor '/home/won/dev_ws/install/boxbot_bringup/share/boxbot_bringup/hook/ament_prefix_path.dsv'
[0.217s] INFO:colcon.colcon_core.shell:Creating environment hook '/home/won/dev_ws/install/boxbot_bringup/share/boxbot_bringup/hook/ament_prefix_path.sh'
[0.217s] INFO:colcon.colcon_core.shell:Skip shell extension 'powershell' for command environment: Not usable outside of PowerShell
[0.217s] DEBUG:colcon.colcon_core.shell:Skip shell extension 'dsv' for command environment
[0.219s] INFO:colcon.colcon_ros.task.ament_cmake.build:Building ROS package in '/home/won/dev_ws/src/boxbot_description' with build type 'ament_cmake'
[0.220s] INFO:colcon.colcon_cmake.task.cmake.build:Building CMake package in '/home/won/dev_ws/src/boxbot_description'
[0.220s] INFO:colcon.colcon_core.shell:Skip shell extension 'powershell' for command environment: Not usable outside of PowerShell
[0.220s] DEBUG:colcon.colcon_core.shell:Skip shell extension 'dsv' for command environment
[0.222s] INFO:colcon.colcon_ros.task.ament_cmake.build:Building ROS package in '/home/won/dev_ws/src/boxbot_simulation' with build type 'ament_cmake'
[0.222s] INFO:colcon.colcon_cmake.task.cmake.build:Building CMake package in '/home/won/dev_ws/src/boxbot_simulation'
[0.222s] INFO:colcon.colcon_core.shell:Skip shell extension 'powershell' for command environment: Not usable outside of PowerShell
[0.222s] DEBUG:colcon.colcon_core.shell:Skip shell extension 'dsv' for command environment
[0.224s] INFO:colcon.colcon_ros.task.ament_python.build:Building ROS package in '/home/won/dev_ws/src/custom_teleop_pkg' with build type 'ament_python'
[0.224s] Level 1:colcon.colcon_core.shell:create_environment_hook('custom_teleop_pkg', 'ament_prefix_path')
[0.225s] INFO:colcon.colcon_core.shell:Creating environment hook '/home/won/dev_ws/install/custom_teleop_pkg/share/custom_teleop_pkg/hook/ament_prefix_path.ps1'
[0.225s] INFO:colcon.colcon_core.shell:Creating environment descriptor '/home/won/dev_ws/install/custom_teleop_pkg/share/custom_teleop_pkg/hook/ament_prefix_path.dsv'
[0.225s] INFO:colcon.colcon_core.shell:Creating environment hook '/home/won/dev_ws/install/custom_teleop_pkg/share/custom_teleop_pkg/hook/ament_prefix_path.sh'
[0.225s] INFO:colcon.colcon_core.shell:Skip shell extension 'powershell' for command environment: Not usable outside of PowerShell
[0.225s] DEBUG:colcon.colcon_core.shell:Skip shell extension 'dsv' for command environment
[0.228s] INFO:colcon.colcon_ros.task.ament_cmake.build:Building ROS package in '/home/won/dev_ws/src/universalbot_description' with build type 'ament_cmake'
[0.228s] INFO:colcon.colcon_cmake.task.cmake.build:Building CMake package in '/home/won/dev_ws/src/universalbot_description'
[0.228s] INFO:colcon.colcon_core.shell:Skip shell extension 'powershell' for command environment: Not usable outside of PowerShell
[0.228s] DEBUG:colcon.colcon_core.shell:Skip shell extension 'dsv' for command environment
[0.373s] INFO:colcon.colcon_core.task.python.build:Building Python package in '/home/won/dev_ws/src/boxbot_bringup'
[0.373s] INFO:colcon.colcon_core.shell:Skip shell extension 'powershell' for command environment: Not usable outside of PowerShell
[0.373s] DEBUG:colcon.colcon_core.shell:Skip shell extension 'dsv' for command environment
[0.377s] DEBUG:colcon.colcon_core.event_handler.log_command:Invoking command in '/home/won/dev_ws/build/boxbot_description': CMAKE_PREFIX_PATH=${CMAKE_PREFIX_PATH}:/home/won/gazebo_ws/install/my_simulation:/home/won/dev_ws/install/custom_teleop_pkg:/home/won/dev_ws/install/boxbot_bringup:/opt/ros/humble /usr/bin/cmake /home/won/dev_ws/src/boxbot_description -DAMENT_CMAKE_SYMLINK_INSTALL=1 -DCMAKE_INSTALL_PREFIX=/home/won/dev_ws/install/boxbot_description
[0.379s] DEBUG:colcon.colcon_core.event_handler.log_command:Invoking command in '/home/won/dev_ws/build/boxbot_simulation': CMAKE_PREFIX_PATH=${CMAKE_PREFIX_PATH}:/home/won/gazebo_ws/install/my_simulation:/home/won/dev_ws/install/custom_teleop_pkg:/home/won/dev_ws/install/boxbot_bringup:/opt/ros/humble /usr/bin/cmake /home/won/dev_ws/src/boxbot_simulation -DAMENT_CMAKE_SYMLINK_INSTALL=1 -DCMAKE_INSTALL_PREFIX=/home/won/dev_ws/install/boxbot_simulation
[0.509s] INFO:colcon.colcon_core.task.python.build:Building Python package in '/home/won/dev_ws/src/custom_teleop_pkg'
[0.509s] INFO:colcon.colcon_core.shell:Skip shell extension 'powershell' for command environment: Not usable outside of PowerShell
[0.509s] DEBUG:colcon.colcon_core.shell:Skip shell extension 'dsv' for command environment
[0.515s] DEBUG:colcon.colcon_core.event_handler.log_command:Invoking command in '/home/won/dev_ws/build/universalbot_description': CMAKE_PREFIX_PATH=${CMAKE_PREFIX_PATH}:/home/won/gazebo_ws/install/my_simulation:/home/won/dev_ws/install/custom_teleop_pkg:/home/won/dev_ws/install/boxbot_bringup:/opt/ros/humble /usr/bin/cmake /home/won/dev_ws/src/universalbot_description -DAMENT_CMAKE_SYMLINK_INSTALL=1 -DCMAKE_INSTALL_PREFIX=/home/won/dev_ws/install/universalbot_description
[0.701s] DEBUG:colcon.colcon_core.event_handler.log_command:Invoking command in '/home/won/dev_ws/build/custom_teleop_pkg': PYTHONPATH=/home/won/dev_ws/build/custom_teleop_pkg/prefix_override:/usr/lib/python3/dist-packages/colcon_core/task/python/colcon_distutils_commands:/home/won/dev_ws/install/custom_teleop_pkg/lib/python3.10/site-packages:${PYTHONPATH} /usr/bin/python3 -W ignore:setup.py install is deprecated -W ignore:easy_install command is deprecated setup.py develop --editable --build-directory /home/won/dev_ws/build/custom_teleop_pkg/build --no-deps symlink_data
[0.704s] DEBUG:colcon.colcon_core.event_handler.log_command:Invoking command in '/home/won/dev_ws/build/boxbot_bringup': PYTHONPATH=/home/won/dev_ws/build/boxbot_bringup/prefix_override:/usr/lib/python3/dist-packages/colcon_core/task/python/colcon_distutils_commands:/home/won/dev_ws/install/boxbot_bringup/lib/python3.10/site-packages:${PYTHONPATH} /usr/bin/python3 -W ignore:setup.py install is deprecated -W ignore:easy_install command is deprecated setup.py develop --editable --build-directory /home/won/dev_ws/build/boxbot_bringup/build --no-deps symlink_data
[0.812s] DEBUG:colcon.colcon_core.event_handler.log_command:Invoked command in '/home/won/dev_ws/build/boxbot_description' returned '0': CMAKE_PREFIX_PATH=${CMAKE_PREFIX_PATH}:/home/won/gazebo_ws/install/my_simulation:/home/won/dev_ws/install/custom_teleop_pkg:/home/won/dev_ws/install/boxbot_bringup:/opt/ros/humble /usr/bin/cmake /home/won/dev_ws/src/boxbot_description -DAMENT_CMAKE_SYMLINK_INSTALL=1 -DCMAKE_INSTALL_PREFIX=/home/won/dev_ws/install/boxbot_description
[0.813s] DEBUG:colcon.colcon_core.event_handler.log_command:Invoking command in '/home/won/dev_ws/build/boxbot_description': CMAKE_PREFIX_PATH=${CMAKE_PREFIX_PATH}:/home/won/gazebo_ws/install/my_simulation:/home/won/dev_ws/install/custom_teleop_pkg:/home/won/dev_ws/install/boxbot_bringup:/opt/ros/humble /usr/bin/cmake --build /home/won/dev_ws/build/boxbot_description -- -j16 -l16
[0.840s] DEBUG:colcon.colcon_core.event_handler.log_command:Invoked command in '/home/won/dev_ws/build/boxbot_description' returned '0': CMAKE_PREFIX_PATH=${CMAKE_PREFIX_PATH}:/home/won/gazebo_ws/install/my_simulation:/home/won/dev_ws/install/custom_teleop_pkg:/home/won/dev_ws/install/boxbot_bringup:/opt/ros/humble /usr/bin/cmake --build /home/won/dev_ws/build/boxbot_description -- -j16 -l16
[0.847s] DEBUG:colcon.colcon_core.event_handler.log_command:Invoking command in '/home/won/dev_ws/build/boxbot_description': CMAKE_PREFIX_PATH=${CMAKE_PREFIX_PATH}:/home/won/gazebo_ws/install/my_simulation:/home/won/dev_ws/install/custom_teleop_pkg:/home/won/dev_ws/install/boxbot_bringup:/opt/ros/humble /usr/bin/cmake --install /home/won/dev_ws/build/boxbot_description
[0.934s] Level 1:colcon.colcon_core.shell:create_environment_hook('boxbot_bringup', 'pythonpath_develop')
[0.935s] INFO:colcon.colcon_core.shell:Creating environment hook '/home/won/dev_ws/build/boxbot_bringup/share/boxbot_bringup/hook/pythonpath_develop.ps1'
[0.935s] DEBUG:colcon.colcon_core.event_handler.log_command:Invoked command in '/home/won/dev_ws/build/boxbot_bringup' returned '0': PYTHONPATH=/home/won/dev_ws/build/boxbot_bringup/prefix_override:/usr/lib/python3/dist-packages/colcon_core/task/python/colcon_distutils_commands:/home/won/dev_ws/install/boxbot_bringup/lib/python3.10/site-packages:${PYTHONPATH} /usr/bin/python3 -W ignore:setup.py install is deprecated -W ignore:easy_install command is deprecated setup.py develop --editable --build-directory /home/won/dev_ws/build/boxbot_bringup/build --no-deps symlink_data
[0.935s] INFO:colcon.colcon_core.shell:Creating environment descriptor '/home/won/dev_ws/build/boxbot_bringup/share/boxbot_bringup/hook/pythonpath_develop.dsv'
[0.936s] INFO:colcon.colcon_core.shell:Creating environment hook '/home/won/dev_ws/build/boxbot_bringup/share/boxbot_bringup/hook/pythonpath_develop.sh'
[0.937s] Level 1:colcon.colcon_core.environment:checking '/home/won/dev_ws/install/boxbot_bringup' for CMake module files
[0.937s] Level 1:colcon.colcon_core.environment:checking '/home/won/dev_ws/install/boxbot_bringup' for CMake config files
[0.938s] Level 1:colcon.colcon_core.environment:checking '/home/won/dev_ws/install/boxbot_bringup/lib'
[0.938s] Level 1:colcon.colcon_core.environment:checking '/home/won/dev_ws/install/boxbot_bringup/bin'
[0.938s] Level 1:colcon.colcon_core.environment:checking '/home/won/dev_ws/install/boxbot_bringup/lib/pkgconfig/boxbot_bringup.pc'
[0.938s] Level 1:colcon.colcon_core.environment:checking '/home/won/dev_ws/install/boxbot_bringup/lib/python3.10/site-packages'
[0.938s] Level 1:colcon.colcon_core.shell:create_environment_hook('boxbot_bringup', 'pythonpath')
[0.938s] INFO:colcon.colcon_core.shell:Creating environment hook '/home/won/dev_ws/install/boxbot_bringup/share/boxbot_bringup/hook/pythonpath.ps1'
[0.938s] INFO:colcon.colcon_core.shell:Creating environment descriptor '/home/won/dev_ws/install/boxbot_bringup/share/boxbot_bringup/hook/pythonpath.dsv'
[0.938s] INFO:colcon.colcon_core.shell:Creating environment hook '/home/won/dev_ws/install/boxbot_bringup/share/boxbot_bringup/hook/pythonpath.sh'
[0.939s] Level 1:colcon.colcon_core.environment:checking '/home/won/dev_ws/install/boxbot_bringup/bin'
[0.939s] Level 1:colcon.colcon_core.environment:create_environment_scripts_only(boxbot_bringup)
[0.939s] INFO:colcon.colcon_core.shell:Creating package script '/home/won/dev_ws/install/boxbot_bringup/share/boxbot_bringup/package.ps1'
[0.939s] INFO:colcon.colcon_core.shell:Creating package descriptor '/home/won/dev_ws/install/boxbot_bringup/share/boxbot_bringup/package.dsv'
[0.940s] INFO:colcon.colcon_core.shell:Creating package script '/home/won/dev_ws/install/boxbot_bringup/share/boxbot_bringup/package.sh'
[0.940s] INFO:colcon.colcon_core.shell:Creating package script '/home/won/dev_ws/install/boxbot_bringup/share/boxbot_bringup/package.bash'
[0.941s] INFO:colcon.colcon_core.shell:Creating package script '/home/won/dev_ws/install/boxbot_bringup/share/boxbot_bringup/package.zsh'
[0.941s] Level 1:colcon.colcon_core.environment:create_file_with_runtime_dependencies(/home/won/dev_ws/install/boxbot_bringup/share/colcon-core/packages/boxbot_bringup)
[0.942s] Level 1:colcon.colcon_core.shell:create_environment_hook('custom_teleop_pkg', 'pythonpath_develop')
[0.942s] INFO:colcon.colcon_core.shell:Creating environment hook '/home/won/dev_ws/build/custom_teleop_pkg/share/custom_teleop_pkg/hook/pythonpath_develop.ps1'
[0.942s] DEBUG:colcon.colcon_core.event_handler.log_command:Invoked command in '/home/won/dev_ws/build/custom_teleop_pkg' returned '0': PYTHONPATH=/home/won/dev_ws/build/custom_teleop_pkg/prefix_override:/usr/lib/python3/dist-packages/colcon_core/task/python/colcon_distutils_commands:/home/won/dev_ws/install/custom_teleop_pkg/lib/python3.10/site-packages:${PYTHONPATH} /usr/bin/python3 -W ignore:setup.py install is deprecated -W ignore:easy_install command is deprecated setup.py develop --editable --build-directory /home/won/dev_ws/build/custom_teleop_pkg/build --no-deps symlink_data
[0.942s] INFO:colcon.colcon_core.shell:Creating environment descriptor '/home/won/dev_ws/build/custom_teleop_pkg/share/custom_teleop_pkg/hook/pythonpath_develop.dsv'
[0.942s] INFO:colcon.colcon_core.shell:Creating environment hook '/home/won/dev_ws/build/custom_teleop_pkg/share/custom_teleop_pkg/hook/pythonpath_develop.sh'
[0.943s] Level 1:colcon.colcon_core.environment:checking '/home/won/dev_ws/install/custom_teleop_pkg' for CMake module files
[0.943s] Level 1:colcon.colcon_core.environment:checking '/home/won/dev_ws/install/custom_teleop_pkg' for CMake config files
[0.943s] Level 1:colcon.colcon_core.environment:checking '/home/won/dev_ws/install/custom_teleop_pkg/lib'
[0.943s] Level 1:colcon.colcon_core.environment:checking '/home/won/dev_ws/install/custom_teleop_pkg/bin'
[0.943s] Level 1:colcon.colcon_core.environment:checking '/home/won/dev_ws/install/custom_teleop_pkg/lib/pkgconfig/custom_teleop_pkg.pc'
[0.943s] Level 1:colcon.colcon_core.environment:checking '/home/won/dev_ws/install/custom_teleop_pkg/lib/python3.10/site-packages'
[0.943s] Level 1:colcon.colcon_core.shell:create_environment_hook('custom_teleop_pkg', 'pythonpath')
[0.943s] INFO:colcon.colcon_core.shell:Creating environment hook '/home/won/dev_ws/install/custom_teleop_pkg/share/custom_teleop_pkg/hook/pythonpath.ps1'
[0.944s] INFO:colcon.colcon_core.shell:Creating environment descriptor '/home/won/dev_ws/install/custom_teleop_pkg/share/custom_teleop_pkg/hook/pythonpath.dsv'
[0.944s] INFO:colcon.colcon_core.shell:Creating environment hook '/home/won/dev_ws/install/custom_teleop_pkg/share/custom_teleop_pkg/hook/pythonpath.sh'
[0.944s] Level 1:colcon.colcon_core.environment:checking '/home/won/dev_ws/install/custom_teleop_pkg/bin'
[0.944s] Level 1:colcon.colcon_core.environment:create_environment_scripts_only(custom_teleop_pkg)
[0.944s] INFO:colcon.colcon_core.shell:Creating package script '/home/won/dev_ws/install/custom_teleop_pkg/share/custom_teleop_pkg/package.ps1'
[0.944s] INFO:colcon.colcon_core.shell:Creating package descriptor '/home/won/dev_ws/install/custom_teleop_pkg/share/custom_teleop_pkg/package.dsv'
[0.945s] INFO:colcon.colcon_core.shell:Creating package script '/home/won/dev_ws/install/custom_teleop_pkg/share/custom_teleop_pkg/package.sh'
[0.945s] INFO:colcon.colcon_core.shell:Creating package script '/home/won/dev_ws/install/custom_teleop_pkg/share/custom_teleop_pkg/package.bash'
[0.945s] INFO:colcon.colcon_core.shell:Creating package script '/home/won/dev_ws/install/custom_teleop_pkg/share/custom_teleop_pkg/package.zsh'
[0.945s] Level 1:colcon.colcon_core.environment:create_file_with_runtime_dependencies(/home/won/dev_ws/install/custom_teleop_pkg/share/colcon-core/packages/custom_teleop_pkg)
[0.953s] DEBUG:colcon.colcon_core.event_handler.log_command:Invoked command in '/home/won/dev_ws/build/universalbot_description' returned '0': CMAKE_PREFIX_PATH=${CMAKE_PREFIX_PATH}:/home/won/gazebo_ws/install/my_simulation:/home/won/dev_ws/install/custom_teleop_pkg:/home/won/dev_ws/install/boxbot_bringup:/opt/ros/humble /usr/bin/cmake /home/won/dev_ws/src/universalbot_description -DAMENT_CMAKE_SYMLINK_INSTALL=1 -DCMAKE_INSTALL_PREFIX=/home/won/dev_ws/install/universalbot_description
[0.954s] DEBUG:colcon.colcon_core.event_handler.log_command:Invoking command in '/home/won/dev_ws/build/universalbot_description': CMAKE_PREFIX_PATH=${CMAKE_PREFIX_PATH}:/home/won/gazebo_ws/install/my_simulation:/home/won/dev_ws/install/custom_teleop_pkg:/home/won/dev_ws/install/boxbot_bringup:/opt/ros/humble /usr/bin/cmake --build /home/won/dev_ws/build/universalbot_description -- -j16 -l16
[0.978s] DEBUG:colcon.colcon_core.event_handler.log_command:Invoked command in '/home/won/dev_ws/build/universalbot_description' returned '0': CMAKE_PREFIX_PATH=${CMAKE_PREFIX_PATH}:/home/won/gazebo_ws/install/my_simulation:/home/won/dev_ws/install/custom_teleop_pkg:/home/won/dev_ws/install/boxbot_bringup:/opt/ros/humble /usr/bin/cmake --build /home/won/dev_ws/build/universalbot_description -- -j16 -l16
[0.978s] DEBUG:colcon.colcon_core.event_handler.log_command:Invoking command in '/home/won/dev_ws/build/universalbot_description': CMAKE_PREFIX_PATH=${CMAKE_PREFIX_PATH}:/home/won/gazebo_ws/install/my_simulation:/home/won/dev_ws/install/custom_teleop_pkg:/home/won/dev_ws/install/boxbot_bringup:/opt/ros/humble /usr/bin/cmake --install /home/won/dev_ws/build/universalbot_description
[1.013s] Level 1:colcon.colcon_core.environment:create_environment_scripts_only(boxbot_description)
[1.013s] DEBUG:colcon.colcon_core.event_handler.log_command:Invoked command in '/home/won/dev_ws/build/boxbot_description' returned '0': CMAKE_PREFIX_PATH=${CMAKE_PREFIX_PATH}:/home/won/gazebo_ws/install/my_simulation:/home/won/dev_ws/install/custom_teleop_pkg:/home/won/dev_ws/install/boxbot_bringup:/opt/ros/humble /usr/bin/cmake --install /home/won/dev_ws/build/boxbot_description
[1.014s] Level 1:colcon.colcon_core.environment:checking '/home/won/dev_ws/install/boxbot_description' for CMake module files
[1.014s] Level 1:colcon.colcon_core.environment:checking '/home/won/dev_ws/install/boxbot_description' for CMake config files
[1.014s] Level 1:colcon.colcon_core.shell:create_environment_hook('boxbot_description', 'cmake_prefix_path')
[1.014s] INFO:colcon.colcon_core.shell:Creating environment hook '/home/won/dev_ws/install/boxbot_description/share/boxbot_description/hook/cmake_prefix_path.ps1'
[1.015s] INFO:colcon.colcon_core.shell:Creating environment descriptor '/home/won/dev_ws/install/boxbot_description/share/boxbot_description/hook/cmake_prefix_path.dsv'
[1.015s] INFO:colcon.colcon_core.shell:Creating environment hook '/home/won/dev_ws/install/boxbot_description/share/boxbot_description/hook/cmake_prefix_path.sh'
[1.015s] Level 1:colcon.colcon_core.environment:checking '/home/won/dev_ws/install/boxbot_description/bin'
[1.015s] Level 1:colcon.colcon_core.environment:checking '/home/won/dev_ws/install/boxbot_description/lib/pkgconfig/boxbot_description.pc'
[1.016s] Level 1:colcon.colcon_core.environment:checking '/home/won/dev_ws/install/boxbot_description/lib/python3.10/site-packages'
[1.016s] Level 1:colcon.colcon_core.environment:checking '/home/won/dev_ws/install/boxbot_description/bin'
[1.016s] INFO:colcon.colcon_core.shell:Creating package script '/home/won/dev_ws/install/boxbot_description/share/boxbot_description/package.ps1'
[1.016s] INFO:colcon.colcon_core.shell:Creating package descriptor '/home/won/dev_ws/install/boxbot_description/share/boxbot_description/package.dsv'
[1.017s] INFO:colcon.colcon_core.shell:Creating package script '/home/won/dev_ws/install/boxbot_description/share/boxbot_description/package.sh'
[1.017s] INFO:colcon.colcon_core.shell:Creating package script '/home/won/dev_ws/install/boxbot_description/share/boxbot_description/package.bash'
[1.017s] INFO:colcon.colcon_core.shell:Creating package script '/home/won/dev_ws/install/boxbot_description/share/boxbot_description/package.zsh'
[1.017s] Level 1:colcon.colcon_core.environment:create_file_with_runtime_dependencies(/home/won/dev_ws/install/boxbot_description/share/colcon-core/packages/boxbot_description)
[1.017s] Level 1:colcon.colcon_core.environment:create_environment_scripts_only(boxbot_description)
[1.017s] Level 1:colcon.colcon_core.environment:checking '/home/won/dev_ws/install/boxbot_description' for CMake module files
[1.018s] Level 1:colcon.colcon_core.environment:checking '/home/won/dev_ws/install/boxbot_description' for CMake config files
[1.018s] Level 1:colcon.colcon_core.shell:create_environment_hook('boxbot_description', 'cmake_prefix_path')
[1.018s] INFO:colcon.colcon_core.shell:Creating environment hook '/home/won/dev_ws/install/boxbot_description/share/boxbot_description/hook/cmake_prefix_path.ps1'
[1.018s] INFO:colcon.colcon_core.shell:Creating environment descriptor '/home/won/dev_ws/install/boxbot_description/share/boxbot_description/hook/cmake_prefix_path.dsv'
[1.018s] INFO:colcon.colcon_core.shell:Creating environment hook '/home/won/dev_ws/install/boxbot_description/share/boxbot_description/hook/cmake_prefix_path.sh'
[1.018s] Level 1:colcon.colcon_core.environment:checking '/home/won/dev_ws/install/boxbot_description/bin'
[1.018s] Level 1:colcon.colcon_core.environment:checking '/home/won/dev_ws/install/boxbot_description/lib/pkgconfig/boxbot_description.pc'
[1.019s] Level 1:colcon.colcon_core.environment:checking '/home/won/dev_ws/install/boxbot_description/lib/python3.10/site-packages'
[1.019s] Level 1:colcon.colcon_core.environment:checking '/home/won/dev_ws/install/boxbot_description/bin'
[1.019s] INFO:colcon.colcon_core.shell:Creating package script '/home/won/dev_ws/install/boxbot_description/share/boxbot_description/package.ps1'
[1.019s] INFO:colcon.colcon_core.shell:Creating package descriptor '/home/won/dev_ws/install/boxbot_description/share/boxbot_description/package.dsv'
[1.019s] INFO:colcon.colcon_core.shell:Creating package script '/home/won/dev_ws/install/boxbot_description/share/boxbot_description/package.sh'
[1.019s] INFO:colcon.colcon_core.shell:Creating package script '/home/won/dev_ws/install/boxbot_description/share/boxbot_description/package.bash'
[1.020s] INFO:colcon.colcon_core.shell:Creating package script '/home/won/dev_ws/install/boxbot_description/share/boxbot_description/package.zsh'
[1.020s] Level 1:colcon.colcon_core.environment:create_file_with_runtime_dependencies(/home/won/dev_ws/install/boxbot_description/share/colcon-core/packages/boxbot_description)
[1.254s] Level 1:colcon.colcon_core.environment:create_environment_scripts_only(universalbot_description)
[1.255s] Level 1:colcon.colcon_core.environment:checking '/home/won/dev_ws/install/universalbot_description' for CMake module files
[1.255s] DEBUG:colcon.colcon_core.event_handler.log_command:Invoked command in '/home/won/dev_ws/build/universalbot_description' returned '0': CMAKE_PREFIX_PATH=${CMAKE_PREFIX_PATH}:/home/won/gazebo_ws/install/my_simulation:/home/won/dev_ws/install/custom_teleop_pkg:/home/won/dev_ws/install/boxbot_bringup:/opt/ros/humble /usr/bin/cmake --install /home/won/dev_ws/build/universalbot_description
[1.255s] Level 1:colcon.colcon_core.environment:checking '/home/won/dev_ws/install/universalbot_description' for CMake config files
[1.255s] Level 1:colcon.colcon_core.shell:create_environment_hook('universalbot_description', 'cmake_prefix_path')
[1.255s] INFO:colcon.colcon_core.shell:Creating environment hook '/home/won/dev_ws/install/universalbot_description/share/universalbot_description/hook/cmake_prefix_path.ps1'
[1.256s] INFO:colcon.colcon_core.shell:Creating environment descriptor '/home/won/dev_ws/install/universalbot_description/share/universalbot_description/hook/cmake_prefix_path.dsv'
[1.256s] INFO:colcon.colcon_core.shell:Creating environment hook '/home/won/dev_ws/install/universalbot_description/share/universalbot_description/hook/cmake_prefix_path.sh'
[1.256s] Level 1:colcon.colcon_core.environment:checking '/home/won/dev_ws/install/universalbot_description/bin'
[1.256s] Level 1:colcon.colcon_core.environment:checking '/home/won/dev_ws/install/universalbot_description/lib/pkgconfig/universalbot_description.pc'
[1.256s] Level 1:colcon.colcon_core.environment:checking '/home/won/dev_ws/install/universalbot_description/lib/python3.10/site-packages'
[1.256s] Level 1:colcon.colcon_core.environment:checking '/home/won/dev_ws/install/universalbot_description/bin'
[1.257s] INFO:colcon.colcon_core.shell:Creating package script '/home/won/dev_ws/install/universalbot_description/share/universalbot_description/package.ps1'
[1.257s] INFO:colcon.colcon_core.shell:Creating package descriptor '/home/won/dev_ws/install/universalbot_description/share/universalbot_description/package.dsv'
[1.257s] INFO:colcon.colcon_core.shell:Creating package script '/home/won/dev_ws/install/universalbot_description/share/universalbot_description/package.sh'
[1.257s] INFO:colcon.colcon_core.shell:Creating package script '/home/won/dev_ws/install/universalbot_description/share/universalbot_description/package.bash'
[1.257s] INFO:colcon.colcon_core.shell:Creating package script '/home/won/dev_ws/install/universalbot_description/share/universalbot_description/package.zsh'
[1.258s] Level 1:colcon.colcon_core.environment:create_file_with_runtime_dependencies(/home/won/dev_ws/install/universalbot_description/share/colcon-core/packages/universalbot_description)
[1.258s] Level 1:colcon.colcon_core.environment:create_environment_scripts_only(universalbot_description)
[1.258s] Level 1:colcon.colcon_core.environment:checking '/home/won/dev_ws/install/universalbot_description' for CMake module files
[1.258s] Level 1:colcon.colcon_core.environment:checking '/home/won/dev_ws/install/universalbot_description' for CMake config files
[1.259s] Level 1:colcon.colcon_core.shell:create_environment_hook('universalbot_description', 'cmake_prefix_path')
[1.259s] INFO:colcon.colcon_core.shell:Creating environment hook '/home/won/dev_ws/install/universalbot_description/share/universalbot_description/hook/cmake_prefix_path.ps1'
[1.259s] INFO:colcon.colcon_core.shell:Creating environment descriptor '/home/won/dev_ws/install/universalbot_description/share/universalbot_description/hook/cmake_prefix_path.dsv'
[1.259s] INFO:colcon.colcon_core.shell:Creating environment hook '/home/won/dev_ws/install/universalbot_description/share/universalbot_description/hook/cmake_prefix_path.sh'
[1.259s] Level 1:colcon.colcon_core.environment:checking '/home/won/dev_ws/install/universalbot_description/bin'
[1.260s] Level 1:colcon.colcon_core.environment:checking '/home/won/dev_ws/install/universalbot_description/lib/pkgconfig/universalbot_description.pc'
[1.260s] Level 1:colcon.colcon_core.environment:checking '/home/won/dev_ws/install/universalbot_description/lib/python3.10/site-packages'
[1.260s] Level 1:colcon.colcon_core.environment:checking '/home/won/dev_ws/install/universalbot_description/bin'
[1.260s] INFO:colcon.colcon_core.shell:Creating package script '/home/won/dev_ws/install/universalbot_description/share/universalbot_description/package.ps1'
[1.260s] INFO:colcon.colcon_core.shell:Creating package descriptor '/home/won/dev_ws/install/universalbot_description/share/universalbot_description/package.dsv'
[1.261s] INFO:colcon.colcon_core.shell:Creating package script '/home/won/dev_ws/install/universalbot_description/share/universalbot_description/package.sh'
[1.261s] INFO:colcon.colcon_core.shell:Creating package script '/home/won/dev_ws/install/universalbot_description/share/universalbot_description/package.bash'
[1.261s] INFO:colcon.colcon_core.shell:Creating package script '/home/won/dev_ws/install/universalbot_description/share/universalbot_description/package.zsh'
[1.261s] Level 1:colcon.colcon_core.environment:create_file_with_runtime_dependencies(/home/won/dev_ws/install/universalbot_description/share/colcon-core/packages/universalbot_description)
[1.672s] DEBUG:colcon.colcon_core.event_handler.log_command:Invoked command in '/home/won/dev_ws/build/boxbot_simulation' returned '0': CMAKE_PREFIX_PATH=${CMAKE_PREFIX_PATH}:/home/won/gazebo_ws/install/my_simulation:/home/won/dev_ws/install/custom_teleop_pkg:/home/won/dev_ws/install/boxbot_bringup:/opt/ros/humble /usr/bin/cmake /home/won/dev_ws/src/boxbot_simulation -DAMENT_CMAKE_SYMLINK_INSTALL=1 -DCMAKE_INSTALL_PREFIX=/home/won/dev_ws/install/boxbot_simulation
[1.673s] DEBUG:colcon.colcon_core.event_handler.log_command:Invoking command in '/home/won/dev_ws/build/boxbot_simulation': CMAKE_PREFIX_PATH=${CMAKE_PREFIX_PATH}:/home/won/gazebo_ws/install/my_simulation:/home/won/dev_ws/install/custom_teleop_pkg:/home/won/dev_ws/install/boxbot_bringup:/opt/ros/humble /usr/bin/cmake --build /home/won/dev_ws/build/boxbot_simulation -- -j16 -l16
[1.702s] DEBUG:colcon.colcon_core.event_handler.log_command:Invoked command in '/home/won/dev_ws/build/boxbot_simulation' returned '0': CMAKE_PREFIX_PATH=${CMAKE_PREFIX_PATH}:/home/won/gazebo_ws/install/my_simulation:/home/won/dev_ws/install/custom_teleop_pkg:/home/won/dev_ws/install/boxbot_bringup:/opt/ros/humble /usr/bin/cmake --build /home/won/dev_ws/build/boxbot_simulation -- -j16 -l16
[1.703s] DEBUG:colcon.colcon_core.event_handler.log_command:Invoking command in '/home/won/dev_ws/build/boxbot_simulation': CMAKE_PREFIX_PATH=${CMAKE_PREFIX_PATH}:/home/won/gazebo_ws/install/my_simulation:/home/won/dev_ws/install/custom_teleop_pkg:/home/won/dev_ws/install/boxbot_bringup:/opt/ros/humble /usr/bin/cmake --install /home/won/dev_ws/build/boxbot_simulation
[1.832s] Level 1:colcon.colcon_core.environment:create_environment_scripts_only(boxbot_simulation)
[1.833s] Level 1:colcon.colcon_core.environment:checking '/home/won/dev_ws/install/boxbot_simulation' for CMake module files
[1.833s] DEBUG:colcon.colcon_core.event_handler.log_command:Invoked command in '/home/won/dev_ws/build/boxbot_simulation' returned '0': CMAKE_PREFIX_PATH=${CMAKE_PREFIX_PATH}:/home/won/gazebo_ws/install/my_simulation:/home/won/dev_ws/install/custom_teleop_pkg:/home/won/dev_ws/install/boxbot_bringup:/opt/ros/humble /usr/bin/cmake --install /home/won/dev_ws/build/boxbot_simulation
[1.833s] Level 1:colcon.colcon_core.environment:checking '/home/won/dev_ws/install/boxbot_simulation' for CMake config files
[1.833s] Level 1:colcon.colcon_core.shell:create_environment_hook('boxbot_simulation', 'cmake_prefix_path')
[1.833s] INFO:colcon.colcon_core.shell:Creating environment hook '/home/won/dev_ws/install/boxbot_simulation/share/boxbot_simulation/hook/cmake_prefix_path.ps1'
[1.834s] INFO:colcon.colcon_core.shell:Creating environment descriptor '/home/won/dev_ws/install/boxbot_simulation/share/boxbot_simulation/hook/cmake_prefix_path.dsv'
[1.834s] INFO:colcon.colcon_core.shell:Creating environment hook '/home/won/dev_ws/install/boxbot_simulation/share/boxbot_simulation/hook/cmake_prefix_path.sh'
[1.834s] Level 1:colcon.colcon_core.environment:checking '/home/won/dev_ws/install/boxbot_simulation/bin'
[1.834s] Level 1:colcon.colcon_core.environment:checking '/home/won/dev_ws/install/boxbot_simulation/lib/pkgconfig/boxbot_simulation.pc'
[1.834s] Level 1:colcon.colcon_core.environment:checking '/home/won/dev_ws/install/boxbot_simulation/lib/python3.10/site-packages'
[1.834s] Level 1:colcon.colcon_core.environment:checking '/home/won/dev_ws/install/boxbot_simulation/bin'
[1.834s] INFO:colcon.colcon_core.shell:Creating package script '/home/won/dev_ws/install/boxbot_simulation/share/boxbot_simulation/package.ps1'
[1.835s] INFO:colcon.colcon_core.shell:Creating package descriptor '/home/won/dev_ws/install/boxbot_simulation/share/boxbot_simulation/package.dsv'
[1.835s] INFO:colcon.colcon_core.shell:Creating package script '/home/won/dev_ws/install/boxbot_simulation/share/boxbot_simulation/package.sh'
[1.835s] INFO:colcon.colcon_core.shell:Creating package script '/home/won/dev_ws/install/boxbot_simulation/share/boxbot_simulation/package.bash'
[1.835s] INFO:colcon.colcon_core.shell:Creating package script '/home/won/dev_ws/install/boxbot_simulation/share/boxbot_simulation/package.zsh'
[1.835s] Level 1:colcon.colcon_core.environment:create_file_with_runtime_dependencies(/home/won/dev_ws/install/boxbot_simulation/share/colcon-core/packages/boxbot_simulation)
[1.836s] Level 1:colcon.colcon_core.environment:create_environment_scripts_only(boxbot_simulation)
[1.836s] Level 1:colcon.colcon_core.environment:checking '/home/won/dev_ws/install/boxbot_simulation' for CMake module files
[1.836s] Level 1:colcon.colcon_core.environment:checking '/home/won/dev_ws/install/boxbot_simulation' for CMake config files
[1.836s] Level 1:colcon.colcon_core.shell:create_environment_hook('boxbot_simulation', 'cmake_prefix_path')
[1.836s] INFO:colcon.colcon_core.shell:Creating environment hook '/home/won/dev_ws/install/boxbot_simulation/share/boxbot_simulation/hook/cmake_prefix_path.ps1'
[1.836s] INFO:colcon.colcon_core.shell:Creating environment descriptor '/home/won/dev_ws/install/boxbot_simulation/share/boxbot_simulation/hook/cmake_prefix_path.dsv'
[1.836s] INFO:colcon.colcon_core.shell:Creating environment hook '/home/won/dev_ws/install/boxbot_simulation/share/boxbot_simulation/hook/cmake_prefix_path.sh'
[1.837s] Level 1:colcon.colcon_core.environment:checking '/home/won/dev_ws/install/boxbot_simulation/bin'
[1.837s] Level 1:colcon.colcon_core.environment:checking '/home/won/dev_ws/install/boxbot_simulation/lib/pkgconfig/boxbot_simulation.pc'
[1.837s] Level 1:colcon.colcon_core.environment:checking '/home/won/dev_ws/install/boxbot_simulation/lib/python3.10/site-packages'
[1.837s] Level 1:colcon.colcon_core.environment:checking '/home/won/dev_ws/install/boxbot_simulation/bin'
[1.837s] INFO:colcon.colcon_core.shell:Creating package script '/home/won/dev_ws/install/boxbot_simulation/share/boxbot_simulation/package.ps1'
[1.837s] INFO:colcon.colcon_core.shell:Creating package descriptor '/home/won/dev_ws/install/boxbot_simulation/share/boxbot_simulation/package.dsv'
[1.838s] INFO:colcon.colcon_core.shell:Creating package script '/home/won/dev_ws/install/boxbot_simulation/share/boxbot_simulation/package.sh'
[1.838s] INFO:colcon.colcon_core.shell:Creating package script '/home/won/dev_ws/install/boxbot_simulation/share/boxbot_simulation/package.bash'
[1.838s] INFO:colcon.colcon_core.shell:Creating package script '/home/won/dev_ws/install/boxbot_simulation/share/boxbot_simulation/package.zsh'
[1.838s] Level 1:colcon.colcon_core.environment:create_file_with_runtime_dependencies(/home/won/dev_ws/install/boxbot_simulation/share/colcon-core/packages/boxbot_simulation)
[1.838s] DEBUG:colcon.colcon_parallel_executor.executor.parallel:closing loop
[1.839s] DEBUG:colcon.colcon_parallel_executor.executor.parallel:loop closed
[1.839s] DEBUG:colcon.colcon_parallel_executor.executor.parallel:run_until_complete finished with '0'
[1.839s] DEBUG:colcon.colcon_core.event_reactor:joining thread
[1.842s] INFO:colcon.colcon_core.plugin_system:Skipping extension 'colcon_notification.desktop_notification.terminal_notifier': Not used on non-Darwin systems
[1.842s] INFO:colcon.colcon_core.plugin_system:Skipping extension 'colcon_notification.desktop_notification.win32': Not used on non-Windows systems
[1.842s] INFO:colcon.colcon_notification.desktop_notification:Sending desktop notification using 'notify2'
[1.848s] DEBUG:colcon.colcon_core.event_reactor:joined thread
[1.848s] INFO:colcon.colcon_core.shell:Creating prefix script '/home/won/dev_ws/install/local_setup.ps1'
[1.849s] INFO:colcon.colcon_core.shell:Creating prefix util module '/home/won/dev_ws/install/_local_setup_util_ps1.py'
[1.849s] INFO:colcon.colcon_core.shell:Creating prefix chain script '/home/won/dev_ws/install/setup.ps1'
[1.850s] INFO:colcon.colcon_core.shell:Creating prefix script '/home/won/dev_ws/install/local_setup.sh'
[1.850s] INFO:colcon.colcon_core.shell:Creating prefix util module '/home/won/dev_ws/install/_local_setup_util_sh.py'
[1.850s] INFO:colcon.colcon_core.shell:Creating prefix chain script '/home/won/dev_ws/install/setup.sh'
[1.851s] INFO:colcon.colcon_core.shell:Creating prefix script '/home/won/dev_ws/install/local_setup.bash'
[1.851s] INFO:colcon.colcon_core.shell:Creating prefix chain script '/home/won/dev_ws/install/setup.bash'
[1.852s] INFO:colcon.colcon_core.shell:Creating prefix script '/home/won/dev_ws/install/local_setup.zsh'
[1.852s] INFO:colcon.colcon_core.shell:Creating prefix chain script '/home/won/dev_ws/install/setup.zsh'
