running develop
running egg_info
creating boxbot_bringup.egg-info
writing boxbot_bringup.egg-info/PKG-INFO
writing dependency_links to boxbot_bringup.egg-info/dependency_links.txt
writing entry points to boxbot_bringup.egg-info/entry_points.txt
writing requirements to boxbot_bringup.egg-info/requires.txt
writing top-level names to boxbot_bringup.egg-info/top_level.txt
writing manifest file 'boxbot_bringup.egg-info/SOURCES.txt'
reading manifest file 'boxbot_bringup.egg-info/SOURCES.txt'
writing manifest file 'boxbot_bringup.egg-info/SOURCES.txt'
running build_ext
Creating /home/won/dev_ws/install/boxbot_bringup/lib/python3.10/site-packages/boxbot-bringup.egg-link (link to .)

Installed /home/won/dev_ws/build/boxbot_bringup
running symlink_data
creating /home/won/dev_ws/install/boxbot_bringup/share/ament_index
creating /home/won/dev_ws/install/boxbot_bringup/share/ament_index/resource_index
creating /home/won/dev_ws/install/boxbot_bringup/share/ament_index/resource_index/packages
symbolically linking /home/won/dev_ws/build/boxbot_bringup/resource/boxbot_bringup -> /home/won/dev_ws/install/boxbot_bringup/share/ament_index/resource_index/packages
symbolically linking /home/won/dev_ws/build/boxbot_bringup/package.xml -> /home/won/dev_ws/install/boxbot_bringup/share/boxbot_bringup
creating /home/won/dev_ws/install/boxbot_bringup/share/boxbot_bringup/launch
symbolically linking /home/won/dev_ws/build/boxbot_bringup/launch/bringup.launch.py -> /home/won/dev_ws/install/boxbot_bringup/share/boxbot_bringup/launch
symbolically linking /home/won/dev_ws/build/boxbot_bringup/launch/slam.launch.py -> /home/won/dev_ws/install/boxbot_bringup/share/boxbot_bringup/launch
symbolically linking /home/won/dev_ws/build/boxbot_bringup/launch/localization.launch.py -> /home/won/dev_ws/install/boxbot_bringup/share/boxbot_bringup/launch
creating /home/won/dev_ws/install/boxbot_bringup/share/boxbot_bringup/config
symbolically linking /home/won/dev_ws/build/boxbot_bringup/config/ekf.yaml -> /home/won/dev_ws/install/boxbot_bringup/share/boxbot_bringup/config
symbolically linking /home/won/dev_ws/build/boxbot_bringup/config/mapper_params_online_async.yaml -> /home/won/dev_ws/install/boxbot_bringup/share/boxbot_bringup/config
