[0.156s] Invoking command in '/home/won/dev_ws/build/boxbot_simulation': CMAKE_PREFIX_PATH=${CMAKE_PREFIX_PATH}:/home/won/gazebo_ws/install/my_simulation:/home/won/dev_ws/install/custom_teleop_pkg:/home/won/dev_ws/install/boxbot_bringup:/opt/ros/humble /usr/bin/cmake /home/won/dev_ws/src/boxbot_simulation -DAMENT_CMAKE_SYMLINK_INSTALL=1 -DCMAKE_INSTALL_PREFIX=/home/won/dev_ws/install/boxbot_simulation
[0.291s] -- The C compiler identification is GNU 11.4.0
[0.291s] -- The CXX compiler identification is GNU 11.4.0
[0.291s] -- Detecting C compiler ABI info
[0.291s] -- Detecting C compiler ABI info - done
[0.291s] -- Check for working C compiler: /usr/bin/cc - skipped
[0.291s] -- Detecting C compile features
[0.291s] -- Detecting C compile features - done
[0.291s] -- Detecting CXX compiler ABI info
[0.326s] -- Detecting CXX compiler ABI info - done
[0.331s] -- Check for working CXX compiler: /usr/bin/c++ - skipped
[0.331s] -- Detecting CXX compile features
[0.331s] -- Detecting CXX compile features - done
[0.333s] -- Found ament_cmake: 1.3.13 (/opt/ros/humble/share/ament_cmake/cmake)
[0.422s] -- Found Python3: /usr/bin/python3 (found version "3.10.12") found components: Interpreter 
[0.461s] -- Override CMake install command with custom implementation using symlinks instead of copying resources
[0.485s] -- Found rclpy: 3.3.20 (/opt/ros/humble/share/rclpy/cmake)
[0.487s] -- Found gazebo_ros: 3.9.0 (/opt/ros/humble/share/gazebo_ros/cmake)
[0.520s] -- Found rosidl_generator_c: 3.1.8 (/opt/ros/humble/share/rosidl_generator_c/cmake)
[0.524s] -- Found rosidl_adapter: 3.1.8 (/opt/ros/humble/share/rosidl_adapter/cmake)
[0.530s] -- Found rosidl_generator_cpp: 3.1.8 (/opt/ros/humble/share/rosidl_generator_cpp/cmake)
[0.538s] -- Using all available rosidl_typesupport_c: rosidl_typesupport_fastrtps_c;rosidl_typesupport_introspection_c
[0.549s] -- Using all available rosidl_typesupport_cpp: rosidl_typesupport_fastrtps_cpp;rosidl_typesupport_introspection_cpp
[0.579s] -- Found rmw_implementation_cmake: 6.1.2 (/opt/ros/humble/share/rmw_implementation_cmake/cmake)
[0.581s] -- Found rmw_cyclonedds_cpp: 1.3.4 (/opt/ros/humble/share/rmw_cyclonedds_cpp/cmake)
[0.595s] -- Using RMW implementation 'rmw_cyclonedds_cpp' as default
[0.602s] -- Looking for pthread.h
[0.648s] -- Looking for pthread.h - found
[0.648s] -- Performing Test CMAKE_HAVE_LIBC_PTHREAD
[0.695s] -- Performing Test CMAKE_HAVE_LIBC_PTHREAD - Success
[0.696s] -- Found Threads: TRUE  
[0.736s] -- Found PkgConfig: /usr/bin/pkg-config (found version "0.29.2") 
[0.737s] -- Checking for module 'bullet>=2.82'
[0.745s] --   Found bullet, version 3.05
[0.820s] -- Found fcl: /usr/include (found suitable version "0.7.0", minimum required is "0.5.0") 
[0.855s] -- Found assimp: /usr/include (found version "5.2.0") 
[0.870s] -- Found DART: /usr/include (Required is at least version "6.6") found components: dart 
[0.889s] -- Found Boost: /usr/lib/x86_64-linux-gnu/cmake/Boost-1.74.0/BoostConfig.cmake (found suitable version "1.74.0", minimum required is "1.40.0") found components: thread system filesystem program_options regex iostreams date_time 
[0.898s] -- Found Protobuf: /usr/lib/x86_64-linux-gnu/libprotobuf.so (found version "3.12.4") 
[0.902s] -- Looking for ignition-math6 -- found version 6.15.1
[0.906s] -- Searching for dependencies of ignition-math6
[0.907s] -- Looking for OGRE...
[0.907s] -- OGRE_PREFIX_WATCH changed.
[0.911s] -- Checking for module 'OGRE'
[0.920s] --   Found OGRE, version 1.9.0
[0.943s] -- Found Ogre Ghadamon (1.9.0)
[0.950s] -- Found OGRE: optimized;/usr/lib/x86_64-linux-gnu/libOgreMain.so;debug;/usr/lib/x86_64-linux-gnu/libOgreMain.so
[0.956s] -- Looking for OGRE_Paging...
[0.960s] -- Found OGRE_Paging: optimized;/usr/lib/x86_64-linux-gnu/libOgrePaging.so;debug;/usr/lib/x86_64-linux-gnu/libOgrePaging.so
[0.960s] -- Looking for OGRE_Terrain...
[0.965s] -- Found OGRE_Terrain: optimized;/usr/lib/x86_64-linux-gnu/libOgreTerrain.so;debug;/usr/lib/x86_64-linux-gnu/libOgreTerrain.so
[0.965s] -- Looking for OGRE_Property...
[0.968s] -- Found OGRE_Property: optimized;/usr/lib/x86_64-linux-gnu/libOgreProperty.so;debug;/usr/lib/x86_64-linux-gnu/libOgreProperty.so
[0.968s] -- Looking for OGRE_RTShaderSystem...
[0.971s] -- Found OGRE_RTShaderSystem: optimized;/usr/lib/x86_64-linux-gnu/libOgreRTShaderSystem.so;debug;/usr/lib/x86_64-linux-gnu/libOgreRTShaderSystem.so
[0.971s] -- Looking for OGRE_Volume...
[0.974s] -- Found OGRE_Volume: optimized;/usr/lib/x86_64-linux-gnu/libOgreVolume.so;debug;/usr/lib/x86_64-linux-gnu/libOgreVolume.so
[0.974s] -- Looking for OGRE_Overlay...
[0.978s] -- Found OGRE_Overlay: optimized;/usr/lib/x86_64-linux-gnu/libOgreOverlay.so;debug;/usr/lib/x86_64-linux-gnu/libOgreOverlay.so
[1.050s] -- Looking for ignition-math6 -- found version 6.15.1
[1.052s] -- Looking for ignition-transport8 -- found version 8.2.1
[1.053s] -- Searching for dependencies of ignition-transport8
[1.065s] -- Found Protobuf: /usr/lib/x86_64-linux-gnu/libprotobuf.so (found suitable version "3.12.4", minimum required is "3") 
[1.074s] -- Config-file not installed for ZeroMQ -- checking for pkg-config
[1.077s] -- Checking for module 'libzmq >= 4'
[1.086s] --   Found libzmq , version 4.3.4
[1.113s] -- Found ZeroMQ: TRUE (Required is at least version "4") 
[1.116s] -- Checking for module 'uuid'
[1.125s] --   Found uuid, version 2.37.2
[1.149s] -- Found UUID: TRUE  
[1.151s] -- Looking for ignition-msgs5 -- found version 5.8.1
[1.151s] -- Searching for dependencies of ignition-msgs5
[1.165s] -- Looking for ignition-math6 -- found version 6.15.1
[1.168s] -- Checking for module 'tinyxml2'
[1.177s] --   Found tinyxml2, version 9.0.0
[1.202s] -- Looking for ignition-msgs5 -- found version 5.8.1
[1.204s] -- Looking for ignition-common3 -- found version 3.14.0
[1.204s] -- Searching for dependencies of ignition-common3
[1.204s] -- Looking for dlfcn.h - found
[1.205s] -- Looking for libdl - found
[1.205s] -- Found DL: TRUE  
[1.213s] -- Found tinyobjloader: /usr/lib/x86_64-linux-gnu/cmake/tinyobjloader/tinyobjloader-config.cmake (found version "2.0.0") 
[1.213s] -- Searching for <ignition-common3> component [graphics]
[1.215s] -- Looking for ignition-common3-graphics -- found version 3.14.0
[1.215s] -- Searching for dependencies of ignition-common3-graphics
[1.215s] -- Looking for ignition-math6 -- found version 6.15.1
[1.218s] -- Looking for ignition-fuel_tools4 -- found version 4.4.0
[1.218s] -- Searching for dependencies of ignition-fuel_tools4
[1.273s] -- Found CURL: /usr/lib/x86_64-linux-gnu/libcurl.so (found version "7.81.0")  
[1.278s] -- Checking for module 'jsoncpp'
[1.287s] --   Found jsoncpp, version 1.9.5
[1.312s] -- Found JSONCPP: TRUE  
[1.315s] -- Checking for module 'libzip'
[1.324s] --   Found libzip, version 1.7.3
[1.347s] -- Found ZIP: TRUE  
[1.347s] -- Looking for ignition-common3 -- found version 3.14.0
[1.348s] -- Looking for ignition-math6 -- found version 6.15.1
[1.348s] -- Looking for ignition-msgs5 -- found version 5.8.1
[1.350s] -- Gazebo version: 11.10
[1.351s] -- Checking for module 'tbb'
[1.361s] --   Found tbb, version 2021.5.0
[1.386s] -- Found ament_lint_auto: 0.12.15 (/opt/ros/humble/share/ament_lint_auto/cmake)
[1.435s] -- Added test 'flake8' to check Python code syntax and style conventions
[1.435s] -- Added test 'lint_cmake' to check CMake code style
[1.435s] -- Added test 'pep257' to check Python code against some of the docstring style conventions in PEP 257
[1.436s] -- Added test 'xmllint' to check XML markup files
[1.437s] -- Configuring done
[1.440s] -- Generating done
[1.442s] -- Build files have been written to: /home/won/dev_ws/build/boxbot_simulation
[1.449s] Invoked command in '/home/won/dev_ws/build/boxbot_simulation' returned '0': CMAKE_PREFIX_PATH=${CMAKE_PREFIX_PATH}:/home/won/gazebo_ws/install/my_simulation:/home/won/dev_ws/install/custom_teleop_pkg:/home/won/dev_ws/install/boxbot_bringup:/opt/ros/humble /usr/bin/cmake /home/won/dev_ws/src/boxbot_simulation -DAMENT_CMAKE_SYMLINK_INSTALL=1 -DCMAKE_INSTALL_PREFIX=/home/won/dev_ws/install/boxbot_simulation
[1.450s] Invoking command in '/home/won/dev_ws/build/boxbot_simulation': CMAKE_PREFIX_PATH=${CMAKE_PREFIX_PATH}:/home/won/gazebo_ws/install/my_simulation:/home/won/dev_ws/install/custom_teleop_pkg:/home/won/dev_ws/install/boxbot_bringup:/opt/ros/humble /usr/bin/cmake --build /home/won/dev_ws/build/boxbot_simulation -- -j16 -l16
[1.480s] Invoked command in '/home/won/dev_ws/build/boxbot_simulation' returned '0': CMAKE_PREFIX_PATH=${CMAKE_PREFIX_PATH}:/home/won/gazebo_ws/install/my_simulation:/home/won/dev_ws/install/custom_teleop_pkg:/home/won/dev_ws/install/boxbot_bringup:/opt/ros/humble /usr/bin/cmake --build /home/won/dev_ws/build/boxbot_simulation -- -j16 -l16
[1.481s] Invoking command in '/home/won/dev_ws/build/boxbot_simulation': CMAKE_PREFIX_PATH=${CMAKE_PREFIX_PATH}:/home/won/gazebo_ws/install/my_simulation:/home/won/dev_ws/install/custom_teleop_pkg:/home/won/dev_ws/install/boxbot_bringup:/opt/ros/humble /usr/bin/cmake --install /home/won/dev_ws/build/boxbot_simulation
[1.486s] -- Install configuration: ""
[1.487s] -- Execute custom install script
[1.487s] -- Symlinking: /home/won/dev_ws/install/boxbot_simulation/share/boxbot_simulation//launch/boxbot_simulation.launch.py
[1.493s] -- Symlinking: /home/won/dev_ws/install/boxbot_simulation/share/boxbot_simulation//launch/spawn_robot.launch.py
[1.498s] -- Symlinking: /home/won/dev_ws/install/boxbot_simulation/share/boxbot_simulation//launch/start2_world.launch.py
[1.504s] -- Symlinking: /home/won/dev_ws/install/boxbot_simulation/share/boxbot_simulation//launch/start_world.launch.py
[1.510s] -- Symlinking: /home/won/dev_ws/install/boxbot_simulation/share/boxbot_simulation//worlds/box_bot_empty.world
[1.515s] -- Symlinking: /home/won/dev_ws/install/boxbot_simulation/share/boxbot_simulation//worlds/box_bot_empty2.world
[1.521s] -- Symlinking: /home/won/dev_ws/install/boxbot_simulation/share/boxbot_simulation//models/.gitkeep
[1.526s] -- Symlinking: /home/won/dev_ws/install/boxbot_simulation/share/ament_index/resource_index/package_run_dependencies/boxbot_simulation
[1.531s] -- Symlinking: /home/won/dev_ws/install/boxbot_simulation/share/ament_index/resource_index/parent_prefix_path/boxbot_simulation
[1.537s] -- Symlinking: /home/won/dev_ws/install/boxbot_simulation/share/boxbot_simulation/environment/ament_prefix_path.sh
[1.542s] -- Symlinking: /home/won/dev_ws/install/boxbot_simulation/share/boxbot_simulation/environment/ament_prefix_path.dsv
[1.548s] -- Symlinking: /home/won/dev_ws/install/boxbot_simulation/share/boxbot_simulation/environment/path.sh
[1.554s] -- Symlinking: /home/won/dev_ws/install/boxbot_simulation/share/boxbot_simulation/environment/path.dsv
[1.559s] -- Symlinking: /home/won/dev_ws/install/boxbot_simulation/share/boxbot_simulation/local_setup.bash
[1.565s] -- Symlinking: /home/won/dev_ws/install/boxbot_simulation/share/boxbot_simulation/local_setup.sh
[1.570s] -- Symlinking: /home/won/dev_ws/install/boxbot_simulation/share/boxbot_simulation/local_setup.zsh
[1.575s] -- Symlinking: /home/won/dev_ws/install/boxbot_simulation/share/boxbot_simulation/local_setup.dsv
[1.581s] -- Symlinking: /home/won/dev_ws/install/boxbot_simulation/share/boxbot_simulation/package.dsv
[1.586s] -- Symlinking: /home/won/dev_ws/install/boxbot_simulation/share/ament_index/resource_index/packages/boxbot_simulation
[1.592s] -- Symlinking: /home/won/dev_ws/install/boxbot_simulation/share/boxbot_simulation/cmake/boxbot_simulationConfig.cmake
[1.597s] -- Symlinking: /home/won/dev_ws/install/boxbot_simulation/share/boxbot_simulation/cmake/boxbot_simulationConfig-version.cmake
[1.603s] -- Symlinking: /home/won/dev_ws/install/boxbot_simulation/share/boxbot_simulation/package.xml
[1.611s] Invoked command in '/home/won/dev_ws/build/boxbot_simulation' returned '0': CMAKE_PREFIX_PATH=${CMAKE_PREFIX_PATH}:/home/won/gazebo_ws/install/my_simulation:/home/won/dev_ws/install/custom_teleop_pkg:/home/won/dev_ws/install/boxbot_bringup:/opt/ros/humble /usr/bin/cmake --install /home/won/dev_ws/build/boxbot_simulation
