running develop
running egg_info
creating custom_teleop_pkg.egg-info
writing custom_teleop_pkg.egg-info/PKG-INFO
writing dependency_links to custom_teleop_pkg.egg-info/dependency_links.txt
writing entry points to custom_teleop_pkg.egg-info/entry_points.txt
writing requirements to custom_teleop_pkg.egg-info/requires.txt
writing top-level names to custom_teleop_pkg.egg-info/top_level.txt
writing manifest file 'custom_teleop_pkg.egg-info/SOURCES.txt'
reading manifest file 'custom_teleop_pkg.egg-info/SOURCES.txt'
writing manifest file 'custom_teleop_pkg.egg-info/SOURCES.txt'
running build_ext
Creating /home/won/dev_ws/install/custom_teleop_pkg/lib/python3.10/site-packages/custom-teleop-pkg.egg-link (link to .)
Installing custom_teleop_node script to /home/won/dev_ws/install/custom_teleop_pkg/lib/custom_teleop_pkg

Installed /home/won/dev_ws/build/custom_teleop_pkg
running symlink_data
creating /home/won/dev_ws/install/custom_teleop_pkg/share/ament_index
creating /home/won/dev_ws/install/custom_teleop_pkg/share/ament_index/resource_index
creating /home/won/dev_ws/install/custom_teleop_pkg/share/ament_index/resource_index/packages
symbolically linking /home/won/dev_ws/build/custom_teleop_pkg/resource/custom_teleop_pkg -> /home/won/dev_ws/install/custom_teleop_pkg/share/ament_index/resource_index/packages
symbolically linking /home/won/dev_ws/build/custom_teleop_pkg/package.xml -> /home/won/dev_ws/install/custom_teleop_pkg/share/custom_teleop_pkg
creating /home/won/dev_ws/install/custom_teleop_pkg/share/custom_teleop_pkg/launch
symbolically linking /home/won/dev_ws/build/custom_teleop_pkg/launch/joy_teleop3.launch.py -> /home/won/dev_ws/install/custom_teleop_pkg/share/custom_teleop_pkg/launch
symbolically linking /home/won/dev_ws/build/custom_teleop_pkg/launch/joy_teleop2.launch.py -> /home/won/dev_ws/install/custom_teleop_pkg/share/custom_teleop_pkg/launch
symbolically linking /home/won/dev_ws/build/custom_teleop_pkg/launch/joy_teleop.launch.py -> /home/won/dev_ws/install/custom_teleop_pkg/share/custom_teleop_pkg/launch
creating /home/won/dev_ws/install/custom_teleop_pkg/share/custom_teleop_pkg/config
symbolically linking /home/won/dev_ws/build/custom_teleop_pkg/config/params.yaml -> /home/won/dev_ws/install/custom_teleop_pkg/share/custom_teleop_pkg/config
