[0.476s] Invoking command in '/home/won/dev_ws/build/custom_teleop_pkg': PYTHONPATH=/home/won/dev_ws/build/custom_teleop_pkg/prefix_override:/usr/lib/python3/dist-packages/colcon_core/task/python/colcon_distutils_commands:/home/won/dev_ws/install/custom_teleop_pkg/lib/python3.10/site-packages:${PYTHONPATH} /usr/bin/python3 -W ignore:setup.py install is deprecated -W ignore:easy_install command is deprecated setup.py develop --editable --build-directory /home/won/dev_ws/build/custom_teleop_pkg/build --no-deps symlink_data
[0.612s] running develop
[0.691s] running egg_info
[0.691s] creating custom_teleop_pkg.egg-info
[0.691s] writing custom_teleop_pkg.egg-info/PKG-INFO
[0.691s] writing dependency_links to custom_teleop_pkg.egg-info/dependency_links.txt
[0.691s] writing entry points to custom_teleop_pkg.egg-info/entry_points.txt
[0.691s] writing requirements to custom_teleop_pkg.egg-info/requires.txt
[0.691s] writing top-level names to custom_teleop_pkg.egg-info/top_level.txt
[0.691s] writing manifest file 'custom_teleop_pkg.egg-info/SOURCES.txt'
[0.693s] reading manifest file 'custom_teleop_pkg.egg-info/SOURCES.txt'
[0.693s] writing manifest file 'custom_teleop_pkg.egg-info/SOURCES.txt'
[0.694s] running build_ext
[0.694s] Creating /home/won/dev_ws/install/custom_teleop_pkg/lib/python3.10/site-packages/custom-teleop-pkg.egg-link (link to .)
[0.694s] Installing custom_teleop_node script to /home/won/dev_ws/install/custom_teleop_pkg/lib/custom_teleop_pkg
[0.695s] 
[0.695s] Installed /home/won/dev_ws/build/custom_teleop_pkg
[0.695s] running symlink_data
[0.695s] creating /home/won/dev_ws/install/custom_teleop_pkg/share/ament_index
[0.695s] creating /home/won/dev_ws/install/custom_teleop_pkg/share/ament_index/resource_index
[0.695s] creating /home/won/dev_ws/install/custom_teleop_pkg/share/ament_index/resource_index/packages
[0.695s] symbolically linking /home/won/dev_ws/build/custom_teleop_pkg/resource/custom_teleop_pkg -> /home/won/dev_ws/install/custom_teleop_pkg/share/ament_index/resource_index/packages
[0.695s] symbolically linking /home/won/dev_ws/build/custom_teleop_pkg/package.xml -> /home/won/dev_ws/install/custom_teleop_pkg/share/custom_teleop_pkg
[0.695s] creating /home/won/dev_ws/install/custom_teleop_pkg/share/custom_teleop_pkg/launch
[0.695s] symbolically linking /home/won/dev_ws/build/custom_teleop_pkg/launch/joy_teleop3.launch.py -> /home/won/dev_ws/install/custom_teleop_pkg/share/custom_teleop_pkg/launch
[0.695s] symbolically linking /home/won/dev_ws/build/custom_teleop_pkg/launch/joy_teleop2.launch.py -> /home/won/dev_ws/install/custom_teleop_pkg/share/custom_teleop_pkg/launch
[0.695s] symbolically linking /home/won/dev_ws/build/custom_teleop_pkg/launch/joy_teleop.launch.py -> /home/won/dev_ws/install/custom_teleop_pkg/share/custom_teleop_pkg/launch
[0.695s] creating /home/won/dev_ws/install/custom_teleop_pkg/share/custom_teleop_pkg/config
[0.695s] symbolically linking /home/won/dev_ws/build/custom_teleop_pkg/config/params.yaml -> /home/won/dev_ws/install/custom_teleop_pkg/share/custom_teleop_pkg/config
[0.717s] Invoked command in '/home/won/dev_ws/build/custom_teleop_pkg' returned '0': PYTHONPATH=/home/won/dev_ws/build/custom_teleop_pkg/prefix_override:/usr/lib/python3/dist-packages/colcon_core/task/python/colcon_distutils_commands:/home/won/dev_ws/install/custom_teleop_pkg/lib/python3.10/site-packages:${PYTHONPATH} /usr/bin/python3 -W ignore:setup.py install is deprecated -W ignore:easy_install command is deprecated setup.py develop --editable --build-directory /home/won/dev_ws/build/custom_teleop_pkg/build --no-deps symlink_data
