[0.287s] Invoking command in '/home/won/dev_ws/build/universalbot_description': CMAKE_PREFIX_PATH=${CMAKE_PREFIX_PATH}:/home/won/gazebo_ws/install/my_simulation:/home/won/dev_ws/install/custom_teleop_pkg:/home/won/dev_ws/install/boxbot_bringup:/opt/ros/humble /usr/bin/cmake /home/won/dev_ws/src/universalbot_description -DAMENT_CMAKE_SYMLINK_INSTALL=1 -DCMAKE_INSTALL_PREFIX=/home/won/dev_ws/install/universalbot_description
[0.321s] -- The C compiler identification is GNU 11.4.0
[0.354s] -- The CXX compiler identification is GNU 11.4.0
[0.358s] -- Detecting C compiler ABI info
[0.404s] -- Detecting C compiler ABI info - done
[0.408s] -- Check for working C compiler: /usr/bin/cc - skipped
[0.408s] -- Detecting C compile features
[0.408s] -- Detecting C compile features - done
[0.410s] -- Detecting CXX compiler ABI info
[0.462s] -- Detecting CXX compiler ABI info - done
[0.466s] -- Check for working CXX compiler: /usr/bin/c++ - skipped
[0.466s] -- Detecting CXX compile features
[0.466s] -- Detecting CXX compile features - done
[0.468s] -- Found ament_cmake: 1.3.13 (/opt/ros/humble/share/ament_cmake/cmake)
[0.561s] -- Found Python3: /usr/bin/python3 (found version "3.10.12") found components: Interpreter 
[0.598s] -- Override CMake install command with custom implementation using symlinks instead of copying resources
[0.621s] -- Found urdf: 2.6.1 (/opt/ros/humble/share/urdf/cmake)
[0.661s] -- Found xacro: 2.1.1 (/opt/ros/humble/share/xacro/cmake)
[0.662s] -- Found ament_lint_auto: 0.12.15 (/opt/ros/humble/share/ament_lint_auto/cmake)
[0.714s] -- Added test 'flake8' to check Python code syntax and style conventions
[0.715s] -- Added test 'lint_cmake' to check CMake code style
[0.715s] -- Added test 'pep257' to check Python code against some of the docstring style conventions in PEP 257
[0.717s] -- Added test 'xmllint' to check XML markup files
[0.718s] -- Configuring done
[0.720s] -- Generating done
[0.721s] -- Build files have been written to: /home/won/dev_ws/build/universalbot_description
[0.725s] Invoked command in '/home/won/dev_ws/build/universalbot_description' returned '0': CMAKE_PREFIX_PATH=${CMAKE_PREFIX_PATH}:/home/won/gazebo_ws/install/my_simulation:/home/won/dev_ws/install/custom_teleop_pkg:/home/won/dev_ws/install/boxbot_bringup:/opt/ros/humble /usr/bin/cmake /home/won/dev_ws/src/universalbot_description -DAMENT_CMAKE_SYMLINK_INSTALL=1 -DCMAKE_INSTALL_PREFIX=/home/won/dev_ws/install/universalbot_description
[0.726s] Invoking command in '/home/won/dev_ws/build/universalbot_description': CMAKE_PREFIX_PATH=${CMAKE_PREFIX_PATH}:/home/won/gazebo_ws/install/my_simulation:/home/won/dev_ws/install/custom_teleop_pkg:/home/won/dev_ws/install/boxbot_bringup:/opt/ros/humble /usr/bin/cmake --build /home/won/dev_ws/build/universalbot_description -- -j16 -l16
[0.750s] Invoked command in '/home/won/dev_ws/build/universalbot_description' returned '0': CMAKE_PREFIX_PATH=${CMAKE_PREFIX_PATH}:/home/won/gazebo_ws/install/my_simulation:/home/won/dev_ws/install/custom_teleop_pkg:/home/won/dev_ws/install/boxbot_bringup:/opt/ros/humble /usr/bin/cmake --build /home/won/dev_ws/build/universalbot_description -- -j16 -l16
[0.750s] Invoking command in '/home/won/dev_ws/build/universalbot_description': CMAKE_PREFIX_PATH=${CMAKE_PREFIX_PATH}:/home/won/gazebo_ws/install/my_simulation:/home/won/dev_ws/install/custom_teleop_pkg:/home/won/dev_ws/install/boxbot_bringup:/opt/ros/humble /usr/bin/cmake --install /home/won/dev_ws/build/universalbot_description
[0.755s] -- Install configuration: ""
[0.755s] -- Execute custom install script
[0.756s] -- Symlinking: /home/won/dev_ws/install/universalbot_description/share/universalbot_description/urdf/controllers/diff_drive.urdf.xacro
[0.761s] -- Symlinking: /home/won/dev_ws/install/universalbot_description/share/universalbot_description/urdf/controllers/omni_drive.urdf.xacro
[0.766s] -- Symlinking: /home/won/dev_ws/install/universalbot_description/share/universalbot_description/urdf/controllers/skid_steer.urdf.xacro
[0.771s] -- Symlinking: /home/won/dev_ws/install/universalbot_description/share/universalbot_description/urdf/example.urdf.xacro
[0.777s] -- Symlinking: /home/won/dev_ws/install/universalbot_description/share/universalbot_description/urdf/mech/base.urdf.xacro
[0.782s] -- Symlinking: /home/won/dev_ws/install/universalbot_description/share/universalbot_description/urdf/mech/caster_wheel.urdf.xacro
[0.788s] -- Symlinking: /home/won/dev_ws/install/universalbot_description/share/universalbot_description/urdf/mech/mecanum_wheel.urdf.xacro
[0.794s] -- Symlinking: /home/won/dev_ws/install/universalbot_description/share/universalbot_description/urdf/mech/wheel.urdf.xacro
[0.799s] -- Symlinking: /home/won/dev_ws/install/universalbot_description/share/universalbot_description/urdf/properties/2wd_properties.urdf.xacro
[0.804s] -- Symlinking: /home/won/dev_ws/install/universalbot_description/share/universalbot_description/urdf/properties/4wd_properties.urdf.xacro
[0.810s] -- Symlinking: /home/won/dev_ws/install/universalbot_description/share/universalbot_description/urdf/properties/mecanum_properties.urdf.xacro
[0.816s] -- Symlinking: /home/won/dev_ws/install/universalbot_description/share/universalbot_description/urdf/robots/2wd.urdf.xacro
[0.821s] -- Symlinking: /home/won/dev_ws/install/universalbot_description/share/universalbot_description/urdf/robots/4wd.urdf.xacro
[0.827s] -- Symlinking: /home/won/dev_ws/install/universalbot_description/share/universalbot_description/urdf/robots/mecanum.urdf.xacro
[0.832s] -- Symlinking: /home/won/dev_ws/install/universalbot_description/share/universalbot_description/urdf/sensors/camera.urdf.xacro
[0.839s] -- Symlinking: /home/won/dev_ws/install/universalbot_description/share/universalbot_description/urdf/sensors/depth_sensor.urdf.xacro
[0.844s] -- Symlinking: /home/won/dev_ws/install/universalbot_description/share/universalbot_description/urdf/sensors/generic_laser.urdf.xacro
[0.850s] -- Symlinking: /home/won/dev_ws/install/universalbot_description/share/universalbot_description/urdf/sensors/imu.urdf.xacro
[0.856s] -- Symlinking: /home/won/dev_ws/install/universalbot_description/share/universalbot_description/urdf/sensors/laser.urdf.xacro
[0.861s] -- Symlinking: /home/won/dev_ws/install/universalbot_description/share/universalbot_description/urdf/sick_lms1xx.urdf.xacro
[0.867s] -- Symlinking: /home/won/dev_ws/install/universalbot_description/share/universalbot_description/urdf/sick_lms5xx.urdf.xacro
[0.873s] -- Symlinking: /home/won/dev_ws/install/universalbot_description/share/universalbot_description/urdf/sick_scan.urdf.xacro
[0.878s] -- Symlinking: /home/won/dev_ws/install/universalbot_description/share/universalbot_description/meshes/LMS1xx_collision.stl
[0.884s] -- Symlinking: /home/won/dev_ws/install/universalbot_description/share/universalbot_description/meshes/LMS1xx_small.dae
[0.889s] -- Symlinking: /home/won/dev_ws/install/universalbot_description/share/universalbot_description/meshes/LMS5xx_collision.stl
[0.895s] -- Symlinking: /home/won/dev_ws/install/universalbot_description/share/universalbot_description/meshes/LMS5xx_small.dae
[0.901s] -- Symlinking: /home/won/dev_ws/install/universalbot_description/share/universalbot_description/meshes/sick_mrs_1xxx_small.stl
[0.906s] -- Symlinking: /home/won/dev_ws/install/universalbot_description/share/universalbot_description/meshes/sick_tim_1xxx.stl
[0.911s] -- Symlinking: /home/won/dev_ws/install/universalbot_description/share/universalbot_description/meshes/sick_tim_3xx.stl
[0.917s] -- Symlinking: /home/won/dev_ws/install/universalbot_description/share/universalbot_description/meshes/sick_tim_5xx.stl
[0.922s] -- Symlinking: /home/won/dev_ws/install/universalbot_description/share/universalbot_description/meshes/test.stl
[0.928s] -- Symlinking: /home/won/dev_ws/install/universalbot_description/share/universalbot_description/launch/description.launch.py
[0.934s] -- Symlinking: /home/won/dev_ws/install/universalbot_description/share/universalbot_description/rviz/urdf_vis.rviz
[0.939s] -- Symlinking: /home/won/dev_ws/install/universalbot_description/share/ament_index/resource_index/package_run_dependencies/universalbot_description
[0.945s] -- Symlinking: /home/won/dev_ws/install/universalbot_description/share/ament_index/resource_index/parent_prefix_path/universalbot_description
[0.951s] -- Symlinking: /home/won/dev_ws/install/universalbot_description/share/universalbot_description/environment/ament_prefix_path.sh
[0.957s] -- Symlinking: /home/won/dev_ws/install/universalbot_description/share/universalbot_description/environment/ament_prefix_path.dsv
[0.962s] -- Symlinking: /home/won/dev_ws/install/universalbot_description/share/universalbot_description/environment/path.sh
[0.969s] -- Symlinking: /home/won/dev_ws/install/universalbot_description/share/universalbot_description/environment/path.dsv
[0.974s] -- Symlinking: /home/won/dev_ws/install/universalbot_description/share/universalbot_description/local_setup.bash
[0.980s] -- Symlinking: /home/won/dev_ws/install/universalbot_description/share/universalbot_description/local_setup.sh
[0.986s] -- Symlinking: /home/won/dev_ws/install/universalbot_description/share/universalbot_description/local_setup.zsh
[0.992s] -- Symlinking: /home/won/dev_ws/install/universalbot_description/share/universalbot_description/local_setup.dsv
[0.997s] -- Symlinking: /home/won/dev_ws/install/universalbot_description/share/universalbot_description/package.dsv
[1.003s] -- Symlinking: /home/won/dev_ws/install/universalbot_description/share/ament_index/resource_index/packages/universalbot_description
[1.009s] -- Symlinking: /home/won/dev_ws/install/universalbot_description/share/universalbot_description/cmake/universalbot_descriptionConfig.cmake
[1.014s] -- Symlinking: /home/won/dev_ws/install/universalbot_description/share/universalbot_description/cmake/universalbot_descriptionConfig-version.cmake
[1.020s] -- Symlinking: /home/won/dev_ws/install/universalbot_description/share/universalbot_description/package.xml
[1.027s] Invoked command in '/home/won/dev_ws/build/universalbot_description' returned '0': CMAKE_PREFIX_PATH=${CMAKE_PREFIX_PATH}:/home/won/gazebo_ws/install/my_simulation:/home/won/dev_ws/install/custom_teleop_pkg:/home/won/dev_ws/install/boxbot_bringup:/opt/ros/humble /usr/bin/cmake --install /home/won/dev_ws/build/universalbot_description
