[0.157s] Invoking command in '/home/won/dev_ws/build/boxbot_description': CMAKE_PREFIX_PATH=${CMAKE_PREFIX_PATH}:/home/won/gazebo_ws/install/my_simulation:/home/won/dev_ws/install/custom_teleop_pkg:/home/won/dev_ws/install/boxbot_bringup:/opt/ros/humble /usr/bin/cmake /home/won/dev_ws/src/boxbot_description -DAMENT_CMAKE_SYMLINK_INSTALL=1 -DCMAKE_INSTALL_PREFIX=/home/won/dev_ws/install/boxbot_description
[0.293s] -- The C compiler identification is GNU 11.4.0
[0.293s] -- The CXX compiler identification is GNU 11.4.0
[0.293s] -- Detecting C compiler ABI info
[0.293s] -- Detecting C compiler ABI info - done
[0.293s] -- Check for working C compiler: /usr/bin/cc - skipped
[0.293s] -- Detecting C compile features
[0.293s] -- Detecting C compile features - done
[0.293s] -- Detecting CXX compiler ABI info
[0.329s] -- Detecting CXX compiler ABI info - done
[0.333s] -- Check for working CXX compiler: /usr/bin/c++ - skipped
[0.333s] -- Detecting CXX compile features
[0.334s] -- Detecting CXX compile features - done
[0.336s] -- Found ament_cmake: 1.3.13 (/opt/ros/humble/share/ament_cmake/cmake)
[0.426s] -- Found Python3: /usr/bin/python3 (found version "3.10.12") found components: Interpreter 
[0.463s] -- Override CMake install command with custom implementation using symlinks instead of copying resources
[0.488s] -- Found urdf: 2.6.1 (/opt/ros/humble/share/urdf/cmake)
[0.528s] -- Found xacro: 2.1.1 (/opt/ros/humble/share/xacro/cmake)
[0.530s] -- Found ament_lint_auto: 0.12.15 (/opt/ros/humble/share/ament_lint_auto/cmake)
[0.581s] -- Added test 'flake8' to check Python code syntax and style conventions
[0.582s] -- Added test 'lint_cmake' to check CMake code style
[0.582s] -- Added test 'pep257' to check Python code against some of the docstring style conventions in PEP 257
[0.583s] -- Added test 'xmllint' to check XML markup files
[0.584s] -- Configuring done
[0.586s] -- Generating done
[0.587s] -- Build files have been written to: /home/won/dev_ws/build/boxbot_description
[0.592s] Invoked command in '/home/won/dev_ws/build/boxbot_description' returned '0': CMAKE_PREFIX_PATH=${CMAKE_PREFIX_PATH}:/home/won/gazebo_ws/install/my_simulation:/home/won/dev_ws/install/custom_teleop_pkg:/home/won/dev_ws/install/boxbot_bringup:/opt/ros/humble /usr/bin/cmake /home/won/dev_ws/src/boxbot_description -DAMENT_CMAKE_SYMLINK_INSTALL=1 -DCMAKE_INSTALL_PREFIX=/home/won/dev_ws/install/boxbot_description
[0.593s] Invoking command in '/home/won/dev_ws/build/boxbot_description': CMAKE_PREFIX_PATH=${CMAKE_PREFIX_PATH}:/home/won/gazebo_ws/install/my_simulation:/home/won/dev_ws/install/custom_teleop_pkg:/home/won/dev_ws/install/boxbot_bringup:/opt/ros/humble /usr/bin/cmake --build /home/won/dev_ws/build/boxbot_description -- -j16 -l16
[0.620s] Invoked command in '/home/won/dev_ws/build/boxbot_description' returned '0': CMAKE_PREFIX_PATH=${CMAKE_PREFIX_PATH}:/home/won/gazebo_ws/install/my_simulation:/home/won/dev_ws/install/custom_teleop_pkg:/home/won/dev_ws/install/boxbot_bringup:/opt/ros/humble /usr/bin/cmake --build /home/won/dev_ws/build/boxbot_description -- -j16 -l16
[0.627s] Invoking command in '/home/won/dev_ws/build/boxbot_description': CMAKE_PREFIX_PATH=${CMAKE_PREFIX_PATH}:/home/won/gazebo_ws/install/my_simulation:/home/won/dev_ws/install/custom_teleop_pkg:/home/won/dev_ws/install/boxbot_bringup:/opt/ros/humble /usr/bin/cmake --install /home/won/dev_ws/build/boxbot_description
[0.632s] -- Install configuration: ""
[0.632s] -- Execute custom install script
[0.632s] -- Symlinking: /home/won/dev_ws/install/boxbot_description/share/boxbot_description//urdf/box_bot3.gazebo.xacro
[0.637s] -- Symlinking: /home/won/dev_ws/install/boxbot_description/share/boxbot_description//urdf/box_bot3.urdf
[0.643s] -- Symlinking: /home/won/dev_ws/install/boxbot_description/share/boxbot_description//urdf/box_bot3.urdf.xacro
[0.649s] -- Symlinking: /home/won/dev_ws/install/boxbot_description/share/boxbot_description//urdf/inertia_calculator.py
[0.654s] -- Symlinking: /home/won/dev_ws/install/boxbot_description/share/boxbot_description//rviz/urdf_vis.rviz
[0.660s] -- Symlinking: /home/won/dev_ws/install/boxbot_description/share/boxbot_description//launch/urdf_visualize.launch.py
[0.666s] -- Symlinking: /home/won/dev_ws/install/boxbot_description/share/boxbot_description//launch/xacro_visualize.launch.py
[0.672s] -- Symlinking: /home/won/dev_ws/install/boxbot_description/share/boxbot_description//meshes/cute_cube.blend
[0.677s] -- Symlinking: /home/won/dev_ws/install/boxbot_description/share/boxbot_description//meshes/cute_cube.dae
[0.682s] -- Symlinking: /home/won/dev_ws/install/boxbot_description/share/boxbot_description//meshes/lambert3_baseColor.png
[0.688s] -- Symlinking: /home/won/dev_ws/install/boxbot_description/share/boxbot_description//meshes/sensors/realsense.dae
[0.693s] -- Symlinking: /home/won/dev_ws/install/boxbot_description/share/boxbot_description//meshes/sensors/rplidar.dae
[0.698s] -- Symlinking: /home/won/dev_ws/install/boxbot_description/share/boxbot_description//meshes/sensors/rplidartexture.png
[0.704s] -- Symlinking: /home/won/dev_ws/install/boxbot_description/share/boxbot_description//meshes/textures/lambert3_baseColor.png
[0.710s] -- Symlinking: /home/won/dev_ws/install/boxbot_description/share/ament_index/resource_index/package_run_dependencies/boxbot_description
[0.716s] -- Symlinking: /home/won/dev_ws/install/boxbot_description/share/ament_index/resource_index/parent_prefix_path/boxbot_description
[0.721s] -- Symlinking: /home/won/dev_ws/install/boxbot_description/share/boxbot_description/environment/ament_prefix_path.sh
[0.726s] -- Symlinking: /home/won/dev_ws/install/boxbot_description/share/boxbot_description/environment/ament_prefix_path.dsv
[0.732s] -- Symlinking: /home/won/dev_ws/install/boxbot_description/share/boxbot_description/environment/path.sh
[0.737s] -- Symlinking: /home/won/dev_ws/install/boxbot_description/share/boxbot_description/environment/path.dsv
[0.742s] -- Symlinking: /home/won/dev_ws/install/boxbot_description/share/boxbot_description/local_setup.bash
[0.748s] -- Symlinking: /home/won/dev_ws/install/boxbot_description/share/boxbot_description/local_setup.sh
[0.754s] -- Symlinking: /home/won/dev_ws/install/boxbot_description/share/boxbot_description/local_setup.zsh
[0.759s] -- Symlinking: /home/won/dev_ws/install/boxbot_description/share/boxbot_description/local_setup.dsv
[0.765s] -- Symlinking: /home/won/dev_ws/install/boxbot_description/share/boxbot_description/package.dsv
[0.770s] -- Symlinking: /home/won/dev_ws/install/boxbot_description/share/ament_index/resource_index/packages/boxbot_description
[0.776s] -- Symlinking: /home/won/dev_ws/install/boxbot_description/share/boxbot_description/cmake/boxbot_descriptionConfig.cmake
[0.781s] -- Symlinking: /home/won/dev_ws/install/boxbot_description/share/boxbot_description/cmake/boxbot_descriptionConfig-version.cmake
[0.787s] -- Symlinking: /home/won/dev_ws/install/boxbot_description/share/boxbot_description/package.xml
[0.794s] Invoked command in '/home/won/dev_ws/build/boxbot_description' returned '0': CMAKE_PREFIX_PATH=${CMAKE_PREFIX_PATH}:/home/won/gazebo_ws/install/my_simulation:/home/won/dev_ws/install/custom_teleop_pkg:/home/won/dev_ws/install/boxbot_bringup:/opt/ros/humble /usr/bin/cmake --install /home/won/dev_ws/build/boxbot_description
